{"/Users/cloudchase/github/mrcloudchase/tinyclaw/src/cron.ts": {"path":"/Users/cloudchase/github/mrcloudchase/tinyclaw/src/cron.ts","all":false,"statementMap":{"3":{"start":{"line":4,"column":0},"end":{"line":4,"column":25}},"4":{"start":{"line":5,"column":0},"end":{"line":5,"column":29}},"5":{"start":{"line":6,"column":0},"end":{"line":6,"column":26}},"7":{"start":{"line":8,"column":0},"end":{"line":8,"column":62}},"8":{"start":{"line":9,"column":0},"end":{"line":9,"column":39}},"39":{"start":{"line":40,"column":0},"end":{"line":40,"column":68}},"40":{"start":{"line":41,"column":0},"end":{"line":41,"column":84}},"41":{"start":{"line":42,"column":0},"end":{"line":42,"column":37}},"43":{"start":{"line":44,"column":0},"end":{"line":44,"column":33}},"46":{"start":{"line":47,"column":0},"end":{"line":47,"column":7}},"47":{"start":{"line":48,"column":0},"end":{"line":48,"column":35}},"48":{"start":{"line":49,"column":0},"end":{"line":49,"column":80}},"49":{"start":{"line":50,"column":0},"end":{"line":50,"column":48}},"50":{"start":{"line":51,"column":0},"end":{"line":51,"column":12}},"51":{"start":{"line":52,"column":0},"end":{"line":52,"column":23}},"52":{"start":{"line":53,"column":0},"end":{"line":53,"column":5}},"53":{"start":{"line":54,"column":0},"end":{"line":54,"column":11}},"54":{"start":{"line":55,"column":0},"end":{"line":55,"column":21}},"55":{"start":{"line":56,"column":0},"end":{"line":56,"column":3}},"57":{"start":{"line":58,"column":0},"end":{"line":58,"column":22}},"58":{"start":{"line":59,"column":0},"end":{"line":59,"column":39}},"59":{"start":{"line":60,"column":0},"end":{"line":60,"column":76}},"60":{"start":{"line":61,"column":0},"end":{"line":61,"column":38}},"61":{"start":{"line":62,"column":0},"end":{"line":62,"column":4}},"63":{"start":{"line":64,"column":0},"end":{"line":64,"column":10}},"64":{"start":{"line":65,"column":0},"end":{"line":65,"column":42}},"65":{"start":{"line":66,"column":0},"end":{"line":66,"column":37}},"66":{"start":{"line":67,"column":0},"end":{"line":67,"column":48}},"67":{"start":{"line":68,"column":0},"end":{"line":68,"column":77}},"68":{"start":{"line":69,"column":0},"end":{"line":69,"column":9}},"69":{"start":{"line":70,"column":0},"end":{"line":70,"column":4}},"70":{"start":{"line":71,"column":0},"end":{"line":71,"column":1}},"78":{"start":{"line":79,"column":0},"end":{"line":79,"column":66}},"79":{"start":{"line":80,"column":0},"end":{"line":80,"column":21}},"81":{"start":{"line":82,"column":0},"end":{"line":82,"column":31}},"82":{"start":{"line":83,"column":0},"end":{"line":83,"column":19}},"83":{"start":{"line":84,"column":0},"end":{"line":84,"column":25}},"84":{"start":{"line":85,"column":0},"end":{"line":85,"column":21}},"85":{"start":{"line":86,"column":0},"end":{"line":86,"column":9}},"86":{"start":{"line":87,"column":0},"end":{"line":87,"column":32}},"87":{"start":{"line":88,"column":0},"end":{"line":88,"column":60}},"89":{"start":{"line":90,"column":0},"end":{"line":90,"column":47}},"90":{"start":{"line":91,"column":0},"end":{"line":91,"column":27}},"91":{"start":{"line":92,"column":0},"end":{"line":92,"column":55}},"93":{"start":{"line":94,"column":0},"end":{"line":94,"column":29}},"94":{"start":{"line":95,"column":0},"end":{"line":95,"column":47}},"96":{"start":{"line":97,"column":0},"end":{"line":97,"column":42}},"97":{"start":{"line":98,"column":0},"end":{"line":98,"column":38}},"98":{"start":{"line":99,"column":0},"end":{"line":99,"column":23}},"99":{"start":{"line":100,"column":0},"end":{"line":100,"column":26}},"100":{"start":{"line":101,"column":0},"end":{"line":101,"column":52}},"101":{"start":{"line":102,"column":0},"end":{"line":102,"column":23}},"103":{"start":{"line":104,"column":0},"end":{"line":104,"column":35}},"104":{"start":{"line":105,"column":0},"end":{"line":105,"column":56}},"105":{"start":{"line":106,"column":0},"end":{"line":106,"column":26}},"106":{"start":{"line":107,"column":0},"end":{"line":107,"column":25}},"107":{"start":{"line":108,"column":0},"end":{"line":108,"column":11}},"108":{"start":{"line":109,"column":0},"end":{"line":109,"column":7}},"109":{"start":{"line":110,"column":0},"end":{"line":110,"column":5}},"110":{"start":{"line":111,"column":0},"end":{"line":111,"column":32}},"112":{"start":{"line":113,"column":0},"end":{"line":113,"column":37}},"113":{"start":{"line":114,"column":0},"end":{"line":114,"column":1}},"115":{"start":{"line":116,"column":0},"end":{"line":116,"column":39}},"116":{"start":{"line":117,"column":0},"end":{"line":117,"column":93}},"117":{"start":{"line":118,"column":0},"end":{"line":118,"column":1}},"119":{"start":{"line":120,"column":0},"end":{"line":120,"column":59}},"120":{"start":{"line":121,"column":0},"end":{"line":121,"column":38}},"121":{"start":{"line":122,"column":0},"end":{"line":122,"column":46}},"122":{"start":{"line":123,"column":0},"end":{"line":123,"column":1}},"124":{"start":{"line":125,"column":0},"end":{"line":125,"column":79}},"125":{"start":{"line":126,"column":0},"end":{"line":126,"column":21}},"126":{"start":{"line":127,"column":0},"end":{"line":127,"column":16}},"127":{"start":{"line":128,"column":0},"end":{"line":128,"column":49}},"128":{"start":{"line":129,"column":0},"end":{"line":129,"column":39}},"129":{"start":{"line":130,"column":0},"end":{"line":130,"column":5}},"130":{"start":{"line":131,"column":0},"end":{"line":131,"column":19}},"131":{"start":{"line":132,"column":0},"end":{"line":132,"column":45}},"132":{"start":{"line":133,"column":0},"end":{"line":133,"column":32}},"133":{"start":{"line":134,"column":0},"end":{"line":134,"column":51}},"134":{"start":{"line":135,"column":0},"end":{"line":135,"column":26}},"135":{"start":{"line":136,"column":0},"end":{"line":136,"column":5}},"136":{"start":{"line":137,"column":0},"end":{"line":137,"column":18}},"137":{"start":{"line":138,"column":0},"end":{"line":138,"column":46}},"138":{"start":{"line":139,"column":0},"end":{"line":139,"column":5}},"139":{"start":{"line":140,"column":0},"end":{"line":140,"column":12}},"140":{"start":{"line":141,"column":0},"end":{"line":141,"column":23}},"141":{"start":{"line":142,"column":0},"end":{"line":142,"column":3}},"142":{"start":{"line":143,"column":0},"end":{"line":143,"column":1}},"144":{"start":{"line":145,"column":0},"end":{"line":145,"column":58}},"145":{"start":{"line":146,"column":0},"end":{"line":146,"column":68}},"146":{"start":{"line":147,"column":0},"end":{"line":147,"column":31}},"147":{"start":{"line":148,"column":0},"end":{"line":148,"column":31}},"148":{"start":{"line":149,"column":0},"end":{"line":149,"column":38}},"149":{"start":{"line":150,"column":0},"end":{"line":150,"column":154}},"150":{"start":{"line":151,"column":0},"end":{"line":151,"column":38}},"151":{"start":{"line":152,"column":0},"end":{"line":152,"column":1}},"155":{"start":{"line":156,"column":0},"end":{"line":156,"column":79}},"156":{"start":{"line":157,"column":0},"end":{"line":157,"column":35}},"157":{"start":{"line":158,"column":0},"end":{"line":158,"column":40}},"158":{"start":{"line":159,"column":0},"end":{"line":159,"column":50}},"159":{"start":{"line":160,"column":0},"end":{"line":160,"column":56}},"160":{"start":{"line":161,"column":0},"end":{"line":161,"column":50}},"162":{"start":{"line":163,"column":0},"end":{"line":163,"column":24}},"163":{"start":{"line":164,"column":0},"end":{"line":164,"column":59}},"164":{"start":{"line":165,"column":0},"end":{"line":165,"column":37}},"165":{"start":{"line":166,"column":0},"end":{"line":166,"column":52}},"166":{"start":{"line":167,"column":0},"end":{"line":167,"column":57}},"167":{"start":{"line":168,"column":0},"end":{"line":168,"column":12}},"168":{"start":{"line":169,"column":0},"end":{"line":169,"column":34}},"169":{"start":{"line":170,"column":0},"end":{"line":170,"column":5}},"170":{"start":{"line":171,"column":0},"end":{"line":171,"column":3}},"171":{"start":{"line":172,"column":0},"end":{"line":172,"column":16}},"172":{"start":{"line":173,"column":0},"end":{"line":173,"column":1}},"174":{"start":{"line":175,"column":0},"end":{"line":175,"column":71}},"175":{"start":{"line":176,"column":0},"end":{"line":176,"column":42}},"176":{"start":{"line":177,"column":0},"end":{"line":177,"column":59}},"178":{"start":{"line":179,"column":0},"end":{"line":179,"column":51}},"179":{"start":{"line":180,"column":0},"end":{"line":180,"column":49}},"180":{"start":{"line":181,"column":0},"end":{"line":181,"column":48}},"181":{"start":{"line":182,"column":0},"end":{"line":182,"column":50}},"182":{"start":{"line":183,"column":0},"end":{"line":183,"column":47}},"184":{"start":{"line":185,"column":0},"end":{"line":185,"column":41}},"185":{"start":{"line":186,"column":0},"end":{"line":186,"column":25}},"187":{"start":{"line":188,"column":0},"end":{"line":188,"column":62}},"188":{"start":{"line":189,"column":0},"end":{"line":189,"column":53}},"189":{"start":{"line":190,"column":0},"end":{"line":190,"column":48}},"190":{"start":{"line":191,"column":0},"end":{"line":191,"column":66}},"191":{"start":{"line":192,"column":0},"end":{"line":192,"column":56}},"192":{"start":{"line":193,"column":0},"end":{"line":193,"column":45}},"193":{"start":{"line":194,"column":0},"end":{"line":194,"column":49}},"194":{"start":{"line":195,"column":0},"end":{"line":195,"column":25}},"195":{"start":{"line":196,"column":0},"end":{"line":196,"column":5}},"196":{"start":{"line":197,"column":0},"end":{"line":197,"column":3}},"197":{"start":{"line":198,"column":0},"end":{"line":198,"column":19}},"198":{"start":{"line":199,"column":0},"end":{"line":199,"column":1}},"201":{"start":{"line":202,"column":0},"end":{"line":202,"column":96}},"202":{"start":{"line":203,"column":0},"end":{"line":203,"column":25}},"203":{"start":{"line":204,"column":0},"end":{"line":204,"column":16}},"204":{"start":{"line":205,"column":0},"end":{"line":205,"column":35}},"205":{"start":{"line":206,"column":0},"end":{"line":206,"column":31}},"206":{"start":{"line":207,"column":0},"end":{"line":207,"column":40}},"207":{"start":{"line":208,"column":0},"end":{"line":208,"column":44}},"208":{"start":{"line":209,"column":0},"end":{"line":209,"column":59}},"209":{"start":{"line":210,"column":0},"end":{"line":210,"column":24}},"210":{"start":{"line":211,"column":0},"end":{"line":211,"column":50}},"211":{"start":{"line":212,"column":0},"end":{"line":212,"column":21}},"212":{"start":{"line":213,"column":0},"end":{"line":213,"column":23}},"213":{"start":{"line":214,"column":0},"end":{"line":214,"column":14}},"214":{"start":{"line":215,"column":0},"end":{"line":215,"column":5}},"215":{"start":{"line":216,"column":0},"end":{"line":216,"column":3}},"216":{"start":{"line":217,"column":0},"end":{"line":217,"column":15}},"217":{"start":{"line":218,"column":0},"end":{"line":218,"column":1}}},"s":{"3":1,"4":1,"5":1,"7":1,"8":1,"39":1,"40":8,"41":8,"43":8,"46":8,"47":8,"48":0,"49":0,"50":8,"51":8,"52":8,"53":8,"54":0,"55":0,"57":8,"58":8,"59":8,"60":8,"61":8,"63":8,"64":8,"65":8,"66":8,"67":8,"68":8,"69":8,"70":8,"78":1,"79":1,"81":1,"82":3,"83":3,"84":3,"85":3,"86":3,"87":3,"89":3,"90":0,"91":0,"93":0,"94":0,"96":0,"97":0,"98":0,"99":0,"100":0,"101":0,"103":0,"104":0,"105":0,"106":0,"107":0,"108":0,"109":0,"110":3,"112":3,"113":3,"115":1,"116":4,"117":4,"119":1,"120":1,"121":0,"122":0,"124":1,"125":1,"126":1,"127":0,"128":0,"129":0,"130":1,"131":1,"132":1,"133":1,"134":1,"135":1,"136":1,"137":0,"138":0,"139":1,"140":0,"141":1,"142":1,"144":1,"145":1,"146":1,"147":1,"148":1,"149":1,"150":1,"151":1,"155":0,"156":0,"157":0,"158":0,"159":0,"160":0,"162":0,"163":0,"164":0,"165":0,"166":0,"167":0,"168":0,"169":0,"170":0,"171":0,"172":0,"174":0,"175":0,"176":0,"178":0,"179":0,"180":0,"181":0,"182":0,"184":0,"185":0,"187":0,"188":0,"189":0,"190":0,"191":0,"192":0,"193":0,"194":0,"195":0,"196":0,"197":0,"198":0,"201":2,"202":2,"203":2,"204":2,"205":2,"206":1,"207":2,"208":1,"209":1,"210":1,"211":1,"212":1,"213":1,"214":1,"215":2,"216":2,"217":2},"branchMap":{"0":{"type":"branch","line":40,"loc":{"start":{"line":40,"column":7},"end":{"line":71,"column":1}},"locations":[{"start":{"line":40,"column":7},"end":{"line":71,"column":1}}]},"1":{"type":"branch","line":41,"loc":{"start":{"line":41,"column":27},"end":{"line":41,"column":42}},"locations":[{"start":{"line":41,"column":27},"end":{"line":41,"column":42}}]},"2":{"type":"branch","line":48,"loc":{"start":{"line":48,"column":34},"end":{"line":51,"column":11}},"locations":[{"start":{"line":48,"column":34},"end":{"line":51,"column":11}}]},"3":{"type":"branch","line":54,"loc":{"start":{"line":54,"column":2},"end":{"line":56,"column":3}},"locations":[{"start":{"line":54,"column":2},"end":{"line":56,"column":3}}]},"4":{"type":"branch","line":58,"loc":{"start":{"line":58,"column":15},"end":{"line":62,"column":4}},"locations":[{"start":{"line":58,"column":15},"end":{"line":62,"column":4}}]},"5":{"type":"branch","line":65,"loc":{"start":{"line":65,"column":4},"end":{"line":65,"column":42}},"locations":[{"start":{"line":65,"column":4},"end":{"line":65,"column":42}}]},"6":{"type":"branch","line":66,"loc":{"start":{"line":66,"column":4},"end":{"line":66,"column":37}},"locations":[{"start":{"line":66,"column":4},"end":{"line":66,"column":37}}]},"7":{"type":"branch","line":67,"loc":{"start":{"line":67,"column":4},"end":{"line":67,"column":48}},"locations":[{"start":{"line":67,"column":4},"end":{"line":67,"column":48}}]},"8":{"type":"branch","line":68,"loc":{"start":{"line":68,"column":4},"end":{"line":68,"column":77}},"locations":[{"start":{"line":68,"column":4},"end":{"line":68,"column":77}}]},"9":{"type":"branch","line":68,"loc":{"start":{"line":68,"column":55},"end":{"line":68,"column":63}},"locations":[{"start":{"line":68,"column":55},"end":{"line":68,"column":63}}]},"10":{"type":"branch","line":82,"loc":{"start":{"line":82,"column":7},"end":{"line":114,"column":1}},"locations":[{"start":{"line":82,"column":7},"end":{"line":114,"column":1}}]},"11":{"type":"branch","line":87,"loc":{"start":{"line":87,"column":25},"end":{"line":87,"column":32}},"locations":[{"start":{"line":87,"column":25},"end":{"line":87,"column":32}}]},"12":{"type":"branch","line":87,"loc":{"start":{"line":87,"column":25},"end":{"line":88,"column":37}},"locations":[{"start":{"line":87,"column":25},"end":{"line":88,"column":37}}]},"13":{"type":"branch","line":88,"loc":{"start":{"line":88,"column":31},"end":{"line":88,"column":58}},"locations":[{"start":{"line":88,"column":31},"end":{"line":88,"column":58}}]},"14":{"type":"branch","line":88,"loc":{"start":{"line":88,"column":37},"end":{"line":88,"column":60}},"locations":[{"start":{"line":88,"column":37},"end":{"line":88,"column":60}}]},"15":{"type":"branch","line":116,"loc":{"start":{"line":116,"column":7},"end":{"line":118,"column":1}},"locations":[{"start":{"line":116,"column":7},"end":{"line":118,"column":1}}]},"16":{"type":"branch","line":117,"loc":{"start":{"line":117,"column":25},"end":{"line":117,"column":93}},"locations":[{"start":{"line":117,"column":25},"end":{"line":117,"column":93}}]},"17":{"type":"branch","line":120,"loc":{"start":{"line":120,"column":0},"end":{"line":123,"column":1}},"locations":[{"start":{"line":120,"column":0},"end":{"line":123,"column":1}}]},"18":{"type":"branch","line":121,"loc":{"start":{"line":121,"column":30},"end":{"line":123,"column":1}},"locations":[{"start":{"line":121,"column":30},"end":{"line":123,"column":1}}]},"19":{"type":"branch","line":125,"loc":{"start":{"line":125,"column":0},"end":{"line":143,"column":1}},"locations":[{"start":{"line":125,"column":0},"end":{"line":143,"column":1}}]},"20":{"type":"branch","line":127,"loc":{"start":{"line":127,"column":4},"end":{"line":130,"column":5}},"locations":[{"start":{"line":127,"column":4},"end":{"line":130,"column":5}}]},"21":{"type":"branch","line":133,"loc":{"start":{"line":133,"column":15},"end":{"line":133,"column":32}},"locations":[{"start":{"line":133,"column":15},"end":{"line":133,"column":32}}]},"22":{"type":"branch","line":134,"loc":{"start":{"line":134,"column":26},"end":{"line":134,"column":51}},"locations":[{"start":{"line":134,"column":26},"end":{"line":134,"column":51}}]},"23":{"type":"branch","line":137,"loc":{"start":{"line":137,"column":4},"end":{"line":139,"column":5}},"locations":[{"start":{"line":137,"column":4},"end":{"line":139,"column":5}}]},"24":{"type":"branch","line":140,"loc":{"start":{"line":140,"column":4},"end":{"line":141,"column":23}},"locations":[{"start":{"line":140,"column":4},"end":{"line":141,"column":23}}]},"25":{"type":"branch","line":145,"loc":{"start":{"line":145,"column":0},"end":{"line":152,"column":1}},"locations":[{"start":{"line":145,"column":0},"end":{"line":152,"column":1}}]},"26":{"type":"branch","line":147,"loc":{"start":{"line":147,"column":14},"end":{"line":147,"column":31}},"locations":[{"start":{"line":147,"column":14},"end":{"line":147,"column":31}}]},"27":{"type":"branch","line":151,"loc":{"start":{"line":151,"column":30},"end":{"line":151,"column":38}},"locations":[{"start":{"line":151,"column":30},"end":{"line":151,"column":38}}]},"28":{"type":"branch","line":202,"loc":{"start":{"line":202,"column":0},"end":{"line":218,"column":1}},"locations":[{"start":{"line":202,"column":0},"end":{"line":218,"column":1}}]},"29":{"type":"branch","line":206,"loc":{"start":{"line":206,"column":22},"end":{"line":208,"column":43}},"locations":[{"start":{"line":206,"column":22},"end":{"line":208,"column":43}}]},"30":{"type":"branch","line":208,"loc":{"start":{"line":208,"column":43},"end":{"line":215,"column":5}},"locations":[{"start":{"line":208,"column":43},"end":{"line":215,"column":5}}]}},"b":{"0":[8],"1":[0],"2":[0],"3":[0],"4":[8],"5":[5],"6":[3],"7":[7],"8":[2],"9":[1],"10":[3],"11":[1],"12":[2],"13":[0],"14":[2],"15":[4],"16":[2],"17":[1],"18":[0],"19":[1],"20":[0],"21":[0],"22":[0],"23":[0],"24":[0],"25":[1],"26":[0],"27":[0],"28":[2],"29":[1],"30":[1]},"fnMap":{"0":{"name":"createCronStore","decl":{"start":{"line":40,"column":7},"end":{"line":71,"column":1}},"loc":{"start":{"line":40,"column":7},"end":{"line":71,"column":1}},"line":40},"1":{"name":"save","decl":{"start":{"line":58,"column":15},"end":{"line":62,"column":4}},"loc":{"start":{"line":58,"column":15},"end":{"line":62,"column":4}},"line":58},"2":{"name":"list","decl":{"start":{"line":65,"column":4},"end":{"line":65,"column":42}},"loc":{"start":{"line":65,"column":4},"end":{"line":65,"column":42}},"line":65},"3":{"name":"get","decl":{"start":{"line":66,"column":4},"end":{"line":66,"column":37}},"loc":{"start":{"line":66,"column":4},"end":{"line":66,"column":37}},"line":66},"4":{"name":"set","decl":{"start":{"line":67,"column":4},"end":{"line":67,"column":48}},"loc":{"start":{"line":67,"column":4},"end":{"line":67,"column":48}},"line":67},"5":{"name":"delete","decl":{"start":{"line":68,"column":4},"end":{"line":68,"column":77}},"loc":{"start":{"line":68,"column":4},"end":{"line":68,"column":77}},"line":68},"6":{"name":"startScheduler","decl":{"start":{"line":82,"column":7},"end":{"line":114,"column":1}},"loc":{"start":{"line":82,"column":7},"end":{"line":114,"column":1}},"line":82},"7":{"name":"stopScheduler","decl":{"start":{"line":116,"column":7},"end":{"line":118,"column":1}},"loc":{"start":{"line":116,"column":7},"end":{"line":118,"column":1}},"line":116},"8":{"name":"computeNextRun","decl":{"start":{"line":120,"column":0},"end":{"line":123,"column":1}},"loc":{"start":{"line":120,"column":0},"end":{"line":123,"column":1}},"line":120},"9":{"name":"computeNextRunAfter","decl":{"start":{"line":125,"column":0},"end":{"line":143,"column":1}},"loc":{"start":{"line":125,"column":0},"end":{"line":143,"column":1}},"line":125},"10":{"name":"parseInterval","decl":{"start":{"line":145,"column":0},"end":{"line":152,"column":1}},"loc":{"start":{"line":145,"column":0},"end":{"line":152,"column":1}},"line":145},"11":{"name":"parseCronField","decl":{"start":{"line":156,"column":0},"end":{"line":173,"column":1}},"loc":{"start":{"line":156,"column":0},"end":{"line":173,"column":1}},"line":156},"12":{"name":"nextCronRun","decl":{"start":{"line":175,"column":0},"end":{"line":199,"column":1}},"loc":{"start":{"line":175,"column":0},"end":{"line":199,"column":1}},"line":175},"13":{"name":"catchUpMissedJobs","decl":{"start":{"line":202,"column":0},"end":{"line":218,"column":1}},"loc":{"start":{"line":202,"column":0},"end":{"line":218,"column":1}},"line":202}},"f":{"0":8,"1":8,"2":5,"3":3,"4":7,"5":2,"6":3,"7":4,"8":1,"9":1,"10":1,"11":0,"12":0,"13":2}}
,"/Users/cloudchase/github/mrcloudchase/tinyclaw/src/hooks.ts": {"path":"/Users/cloudchase/github/mrcloudchase/tinyclaw/src/hooks.ts","all":false,"statementMap":{"3":{"start":{"line":4,"column":0},"end":{"line":4,"column":39}},"38":{"start":{"line":39,"column":0},"end":{"line":39,"column":35}},"40":{"start":{"line":41,"column":0},"end":{"line":41,"column":117}},"41":{"start":{"line":42,"column":0},"end":{"line":42,"column":47}},"42":{"start":{"line":43,"column":0},"end":{"line":43,"column":62}},"43":{"start":{"line":44,"column":0},"end":{"line":44,"column":57}},"44":{"start":{"line":45,"column":0},"end":{"line":45,"column":1}},"46":{"start":{"line":47,"column":0},"end":{"line":47,"column":50}},"47":{"start":{"line":48,"column":0},"end":{"line":48,"column":50}},"48":{"start":{"line":49,"column":0},"end":{"line":49,"column":37}},"49":{"start":{"line":50,"column":0},"end":{"line":50,"column":1}},"51":{"start":{"line":52,"column":0},"end":{"line":52,"column":29}},"59":{"start":{"line":60,"column":0},"end":{"line":60,"column":118}},"60":{"start":{"line":61,"column":0},"end":{"line":61,"column":77}},"61":{"start":{"line":62,"column":0},"end":{"line":62,"column":32}},"62":{"start":{"line":63,"column":0},"end":{"line":63,"column":9}},"63":{"start":{"line":64,"column":0},"end":{"line":64,"column":41}},"64":{"start":{"line":65,"column":0},"end":{"line":65,"column":34}},"65":{"start":{"line":66,"column":0},"end":{"line":66,"column":141}},"66":{"start":{"line":67,"column":0},"end":{"line":67,"column":30}},"69":{"start":{"line":70,"column":0},"end":{"line":70,"column":49}},"70":{"start":{"line":71,"column":0},"end":{"line":71,"column":27}},"71":{"start":{"line":72,"column":0},"end":{"line":72,"column":61}},"72":{"start":{"line":73,"column":0},"end":{"line":73,"column":24}},"73":{"start":{"line":74,"column":0},"end":{"line":74,"column":9}},"74":{"start":{"line":75,"column":0},"end":{"line":75,"column":31}},"75":{"start":{"line":76,"column":0},"end":{"line":76,"column":48}},"76":{"start":{"line":77,"column":0},"end":{"line":77,"column":9}},"77":{"start":{"line":78,"column":0},"end":{"line":78,"column":7}},"78":{"start":{"line":79,"column":0},"end":{"line":79,"column":19}},"79":{"start":{"line":80,"column":0},"end":{"line":80,"column":105}},"80":{"start":{"line":81,"column":0},"end":{"line":81,"column":5}},"81":{"start":{"line":82,"column":0},"end":{"line":82,"column":3}},"82":{"start":{"line":83,"column":0},"end":{"line":83,"column":1}},"89":{"start":{"line":90,"column":0},"end":{"line":90,"column":57}},"90":{"start":{"line":91,"column":0},"end":{"line":91,"column":47}},"91":{"start":{"line":92,"column":0},"end":{"line":92,"column":130}},"92":{"start":{"line":93,"column":0},"end":{"line":93,"column":3}},"95":{"start":{"line":96,"column":0},"end":{"line":96,"column":71}},"96":{"start":{"line":97,"column":0},"end":{"line":97,"column":40}},"97":{"start":{"line":98,"column":0},"end":{"line":98,"column":47}},"98":{"start":{"line":99,"column":0},"end":{"line":99,"column":72}},"99":{"start":{"line":100,"column":0},"end":{"line":100,"column":3}},"100":{"start":{"line":101,"column":0},"end":{"line":101,"column":3}},"103":{"start":{"line":104,"column":0},"end":{"line":104,"column":70}},"104":{"start":{"line":105,"column":0},"end":{"line":105,"column":35}},"105":{"start":{"line":106,"column":0},"end":{"line":106,"column":20}},"107":{"start":{"line":108,"column":0},"end":{"line":108,"column":85}},"108":{"start":{"line":109,"column":0},"end":{"line":109,"column":29}},"109":{"start":{"line":110,"column":0},"end":{"line":110,"column":23}},"110":{"start":{"line":111,"column":0},"end":{"line":111,"column":73}},"111":{"start":{"line":112,"column":0},"end":{"line":112,"column":35}},"112":{"start":{"line":113,"column":0},"end":{"line":113,"column":12}},"113":{"start":{"line":114,"column":0},"end":{"line":114,"column":5}},"114":{"start":{"line":115,"column":0},"end":{"line":115,"column":3}},"115":{"start":{"line":116,"column":0},"end":{"line":116,"column":3}},"118":{"start":{"line":119,"column":0},"end":{"line":119,"column":70}},"119":{"start":{"line":120,"column":0},"end":{"line":120,"column":103}},"120":{"start":{"line":121,"column":0},"end":{"line":121,"column":3}},"123":{"start":{"line":124,"column":0},"end":{"line":124,"column":67}},"124":{"start":{"line":125,"column":0},"end":{"line":125,"column":46}},"127":{"start":{"line":128,"column":0},"end":{"line":128,"column":48}},"128":{"start":{"line":129,"column":0},"end":{"line":129,"column":35}},"129":{"start":{"line":130,"column":0},"end":{"line":130,"column":42}},"130":{"start":{"line":131,"column":0},"end":{"line":131,"column":87}},"131":{"start":{"line":132,"column":0},"end":{"line":132,"column":82}},"132":{"start":{"line":133,"column":0},"end":{"line":133,"column":62}},"133":{"start":{"line":134,"column":0},"end":{"line":134,"column":68}},"134":{"start":{"line":135,"column":0},"end":{"line":135,"column":9}},"135":{"start":{"line":136,"column":0},"end":{"line":136,"column":5}},"136":{"start":{"line":137,"column":0},"end":{"line":137,"column":3}},"138":{"start":{"line":139,"column":0},"end":{"line":139,"column":72}},"139":{"start":{"line":140,"column":0},"end":{"line":140,"column":1}}},"s":{"3":1,"38":1,"40":1,"41":13,"42":13,"43":13,"44":13,"46":1,"47":10,"48":10,"49":10,"51":1,"59":8,"60":8,"61":8,"62":14,"63":14,"64":14,"65":14,"66":14,"69":14,"70":2,"71":1,"72":1,"73":1,"74":1,"75":1,"76":1,"77":2,"78":14,"79":5,"80":5,"81":14,"82":7,"89":1,"90":3,"91":3,"92":3,"95":1,"96":0,"97":0,"98":0,"99":0,"100":0,"103":1,"104":2,"105":2,"107":2,"108":2,"109":6,"110":0,"111":0,"112":0,"113":0,"114":6,"115":2,"118":1,"119":1,"120":1,"123":1,"124":0,"127":0,"128":0,"129":0,"130":0,"131":0,"132":0,"133":0,"134":0,"135":0,"136":0,"138":0,"139":0},"branchMap":{"0":{"type":"branch","line":41,"loc":{"start":{"line":41,"column":7},"end":{"line":45,"column":1}},"locations":[{"start":{"line":41,"column":7},"end":{"line":45,"column":1}}]},"1":{"type":"branch","line":43,"loc":{"start":{"line":43,"column":13},"end":{"line":43,"column":60}},"locations":[{"start":{"line":43,"column":13},"end":{"line":43,"column":60}}]},"2":{"type":"branch","line":43,"loc":{"start":{"line":43,"column":26},"end":{"line":43,"column":44}},"locations":[{"start":{"line":43,"column":26},"end":{"line":43,"column":44}}]},"3":{"type":"branch","line":43,"loc":{"start":{"line":43,"column":46},"end":{"line":43,"column":60}},"locations":[{"start":{"line":43,"column":46},"end":{"line":43,"column":60}}]},"4":{"type":"branch","line":47,"loc":{"start":{"line":47,"column":7},"end":{"line":50,"column":1}},"locations":[{"start":{"line":47,"column":7},"end":{"line":50,"column":1}}]},"5":{"type":"branch","line":49,"loc":{"start":{"line":49,"column":16},"end":{"line":49,"column":37}},"locations":[{"start":{"line":49,"column":16},"end":{"line":49,"column":37}}]},"6":{"type":"branch","line":48,"loc":{"start":{"line":48,"column":30},"end":{"line":48,"column":48}},"locations":[{"start":{"line":48,"column":30},"end":{"line":48,"column":48}}]},"7":{"type":"branch","line":60,"loc":{"start":{"line":60,"column":0},"end":{"line":83,"column":1}},"locations":[{"start":{"line":60,"column":0},"end":{"line":83,"column":1}}]},"8":{"type":"branch","line":62,"loc":{"start":{"line":62,"column":31},"end":{"line":82,"column":3}},"locations":[{"start":{"line":62,"column":31},"end":{"line":82,"column":3}}]},"9":{"type":"branch","line":67,"loc":{"start":{"line":67,"column":7},"end":{"line":70,"column":20}},"locations":[{"start":{"line":67,"column":7},"end":{"line":70,"column":20}}]},"10":{"type":"branch","line":70,"loc":{"start":{"line":70,"column":10},"end":{"line":70,"column":48}},"locations":[{"start":{"line":70,"column":10},"end":{"line":70,"column":48}}]},"11":{"type":"branch","line":70,"loc":{"start":{"line":70,"column":48},"end":{"line":78,"column":7}},"locations":[{"start":{"line":70,"column":48},"end":{"line":78,"column":7}}]},"12":{"type":"branch","line":71,"loc":{"start":{"line":71,"column":26},"end":{"line":77,"column":9}},"locations":[{"start":{"line":71,"column":26},"end":{"line":77,"column":9}}]},"13":{"type":"branch","line":79,"loc":{"start":{"line":79,"column":4},"end":{"line":81,"column":5}},"locations":[{"start":{"line":79,"column":4},"end":{"line":81,"column":5}}]},"14":{"type":"branch","line":80,"loc":{"start":{"line":80,"column":88},"end":{"line":80,"column":101}},"locations":[{"start":{"line":80,"column":88},"end":{"line":80,"column":101}}]},"15":{"type":"branch","line":82,"loc":{"start":{"line":82,"column":2},"end":{"line":83,"column":1}},"locations":[{"start":{"line":82,"column":2},"end":{"line":83,"column":1}}]},"16":{"type":"branch","line":61,"loc":{"start":{"line":61,"column":32},"end":{"line":61,"column":75}},"locations":[{"start":{"line":61,"column":32},"end":{"line":61,"column":75}}]},"17":{"type":"branch","line":61,"loc":{"start":{"line":61,"column":51},"end":{"line":61,"column":75}},"locations":[{"start":{"line":61,"column":51},"end":{"line":61,"column":75}}]},"18":{"type":"branch","line":66,"loc":{"start":{"line":66,"column":20},"end":{"line":66,"column":139}},"locations":[{"start":{"line":66,"column":20},"end":{"line":66,"column":139}}]},"19":{"type":"branch","line":66,"loc":{"start":{"line":66,"column":46},"end":{"line":66,"column":123}},"locations":[{"start":{"line":66,"column":46},"end":{"line":66,"column":123}}]},"20":{"type":"branch","line":90,"loc":{"start":{"line":90,"column":32},"end":{"line":93,"column":3}},"locations":[{"start":{"line":90,"column":32},"end":{"line":93,"column":3}}]},"21":{"type":"branch","line":92,"loc":{"start":{"line":92,"column":46},"end":{"line":92,"column":61}},"locations":[{"start":{"line":92,"column":46},"end":{"line":92,"column":61}}]},"22":{"type":"branch","line":92,"loc":{"start":{"line":92,"column":72},"end":{"line":92,"column":84}},"locations":[{"start":{"line":92,"column":72},"end":{"line":92,"column":84}}]},"23":{"type":"branch","line":92,"loc":{"start":{"line":92,"column":106},"end":{"line":92,"column":126}},"locations":[{"start":{"line":92,"column":106},"end":{"line":92,"column":126}}]},"24":{"type":"branch","line":104,"loc":{"start":{"line":104,"column":45},"end":{"line":116,"column":3}},"locations":[{"start":{"line":104,"column":45},"end":{"line":116,"column":3}}]},"25":{"type":"branch","line":106,"loc":{"start":{"line":106,"column":13},"end":{"line":106,"column":20}},"locations":[{"start":{"line":106,"column":13},"end":{"line":106,"column":20}}]},"26":{"type":"branch","line":109,"loc":{"start":{"line":109,"column":28},"end":{"line":115,"column":3}},"locations":[{"start":{"line":109,"column":28},"end":{"line":115,"column":3}}]},"27":{"type":"branch","line":110,"loc":{"start":{"line":110,"column":22},"end":{"line":114,"column":5}},"locations":[{"start":{"line":110,"column":22},"end":{"line":114,"column":5}}]},"28":{"type":"branch","line":119,"loc":{"start":{"line":119,"column":45},"end":{"line":121,"column":3}},"locations":[{"start":{"line":119,"column":45},"end":{"line":121,"column":3}}]},"29":{"type":"branch","line":120,"loc":{"start":{"line":120,"column":48},"end":{"line":120,"column":97}},"locations":[{"start":{"line":120,"column":48},"end":{"line":120,"column":97}}]}},"b":{"0":[13],"1":[49],"2":[0],"3":[0],"4":[10],"5":[9],"6":[42],"7":[8],"8":[14],"9":[9],"10":[2],"11":[2],"12":[1],"13":[5],"14":[0],"15":[7],"16":[40],"17":[27],"18":[14],"19":[14],"20":[3],"21":[0],"22":[0],"23":[0],"24":[2],"25":[0],"26":[6],"27":[0],"28":[1],"29":[0]},"fnMap":{"0":{"name":"registerHook","decl":{"start":{"line":41,"column":7},"end":{"line":45,"column":1}},"loc":{"start":{"line":41,"column":7},"end":{"line":45,"column":1}},"line":41},"1":{"name":"unregisterHook","decl":{"start":{"line":47,"column":7},"end":{"line":50,"column":1}},"loc":{"start":{"line":47,"column":7},"end":{"line":50,"column":1}},"line":47},"2":{"name":"runHooks","decl":{"start":{"line":60,"column":0},"end":{"line":83,"column":1}},"loc":{"start":{"line":60,"column":0},"end":{"line":83,"column":1}},"line":60},"3":{"name":"initHooksFromConfig","decl":{"start":{"line":124,"column":7},"end":{"line":140,"column":1}},"loc":{"start":{"line":124,"column":7},"end":{"line":140,"column":1}},"line":124}},"f":{"0":13,"1":10,"2":8,"3":0}}
,"/Users/cloudchase/github/mrcloudchase/tinyclaw/src/media.ts": {"path":"/Users/cloudchase/github/mrcloudchase/tinyclaw/src/media.ts","all":false,"statementMap":{"3":{"start":{"line":4,"column":0},"end":{"line":4,"column":25}},"4":{"start":{"line":5,"column":0},"end":{"line":5,"column":29}},"6":{"start":{"line":7,"column":0},"end":{"line":7,"column":63}},"7":{"start":{"line":8,"column":0},"end":{"line":8,"column":39}},"13":{"start":{"line":14,"column":0},"end":{"line":14,"column":42}},"14":{"start":{"line":15,"column":0},"end":{"line":15,"column":88}},"15":{"start":{"line":16,"column":0},"end":{"line":16,"column":94}},"16":{"start":{"line":17,"column":0},"end":{"line":17,"column":88}},"17":{"start":{"line":18,"column":0},"end":{"line":18,"column":66}},"18":{"start":{"line":19,"column":0},"end":{"line":19,"column":73}},"19":{"start":{"line":20,"column":0},"end":{"line":20,"column":57}},"20":{"start":{"line":21,"column":0},"end":{"line":21,"column":91}},"21":{"start":{"line":22,"column":0},"end":{"line":22,"column":2}},"23":{"start":{"line":24,"column":0},"end":{"line":24,"column":54}},"24":{"start":{"line":25,"column":0},"end":{"line":25,"column":51}},"25":{"start":{"line":26,"column":0},"end":{"line":26,"column":53}},"26":{"start":{"line":27,"column":0},"end":{"line":27,"column":1}},"28":{"start":{"line":29,"column":0},"end":{"line":29,"column":84}},"29":{"start":{"line":30,"column":0},"end":{"line":30,"column":84}},"30":{"start":{"line":31,"column":0},"end":{"line":31,"column":84}},"36":{"start":{"line":37,"column":0},"end":{"line":37,"column":71}},"37":{"start":{"line":38,"column":0},"end":{"line":38,"column":42}},"39":{"start":{"line":40,"column":0},"end":{"line":40,"column":116}},"41":{"start":{"line":42,"column":0},"end":{"line":42,"column":62}},"43":{"start":{"line":44,"column":0},"end":{"line":44,"column":62}},"45":{"start":{"line":46,"column":0},"end":{"line":46,"column":63}},"47":{"start":{"line":48,"column":0},"end":{"line":48,"column":62}},"48":{"start":{"line":49,"column":0},"end":{"line":49,"column":19}},"49":{"start":{"line":50,"column":0},"end":{"line":50,"column":1}},"62":{"start":{"line":63,"column":0},"end":{"line":63,"column":35}},"63":{"start":{"line":64,"column":0},"end":{"line":64,"column":16}},"64":{"start":{"line":65,"column":0},"end":{"line":65,"column":33}},"65":{"start":{"line":66,"column":0},"end":{"line":66,"column":79}},"66":{"start":{"line":67,"column":0},"end":{"line":67,"column":7}},"67":{"start":{"line":68,"column":0},"end":{"line":68,"column":35}},"68":{"start":{"line":69,"column":0},"end":{"line":69,"column":32}},"69":{"start":{"line":70,"column":0},"end":{"line":70,"column":43}},"71":{"start":{"line":72,"column":0},"end":{"line":72,"column":39}},"72":{"start":{"line":73,"column":0},"end":{"line":73,"column":40}},"73":{"start":{"line":74,"column":0},"end":{"line":74,"column":83}},"74":{"start":{"line":75,"column":0},"end":{"line":75,"column":64}},"75":{"start":{"line":76,"column":0},"end":{"line":76,"column":5}},"77":{"start":{"line":78,"column":0},"end":{"line":78,"column":41}},"78":{"start":{"line":79,"column":0},"end":{"line":79,"column":39}},"79":{"start":{"line":80,"column":0},"end":{"line":80,"column":127}},"81":{"start":{"line":82,"column":0},"end":{"line":82,"column":45}},"82":{"start":{"line":83,"column":0},"end":{"line":83,"column":51}},"83":{"start":{"line":84,"column":0},"end":{"line":84,"column":86}},"84":{"start":{"line":85,"column":0},"end":{"line":85,"column":17}},"85":{"start":{"line":86,"column":0},"end":{"line":86,"column":65}},"86":{"start":{"line":87,"column":0},"end":{"line":87,"column":69}},"87":{"start":{"line":88,"column":0},"end":{"line":88,"column":3}},"88":{"start":{"line":89,"column":0},"end":{"line":89,"column":1}},"94":{"start":{"line":95,"column":0},"end":{"line":95,"column":36}},"95":{"start":{"line":96,"column":0},"end":{"line":96,"column":22}},"96":{"start":{"line":97,"column":0},"end":{"line":97,"column":25}},"97":{"start":{"line":98,"column":0},"end":{"line":98,"column":44}},"98":{"start":{"line":99,"column":0},"end":{"line":99,"column":20}},"99":{"start":{"line":100,"column":0},"end":{"line":100,"column":89}},"101":{"start":{"line":102,"column":0},"end":{"line":102,"column":35}},"102":{"start":{"line":103,"column":0},"end":{"line":103,"column":9}},"103":{"start":{"line":104,"column":0},"end":{"line":104,"column":46}},"104":{"start":{"line":105,"column":0},"end":{"line":105,"column":37}},"105":{"start":{"line":106,"column":0},"end":{"line":106,"column":75}},"106":{"start":{"line":107,"column":0},"end":{"line":107,"column":7}},"107":{"start":{"line":108,"column":0},"end":{"line":108,"column":34}},"108":{"start":{"line":109,"column":0},"end":{"line":109,"column":72}},"109":{"start":{"line":110,"column":0},"end":{"line":110,"column":7}},"110":{"start":{"line":111,"column":0},"end":{"line":111,"column":19}},"111":{"start":{"line":112,"column":0},"end":{"line":112,"column":59}},"112":{"start":{"line":113,"column":0},"end":{"line":113,"column":5}},"113":{"start":{"line":114,"column":0},"end":{"line":114,"column":3}},"114":{"start":{"line":115,"column":0},"end":{"line":115,"column":43}},"115":{"start":{"line":116,"column":0},"end":{"line":116,"column":1}},"117":{"start":{"line":118,"column":0},"end":{"line":118,"column":101}},"118":{"start":{"line":119,"column":0},"end":{"line":119,"column":47}},"119":{"start":{"line":120,"column":0},"end":{"line":120,"column":55}},"120":{"start":{"line":121,"column":0},"end":{"line":121,"column":54}},"121":{"start":{"line":122,"column":0},"end":{"line":122,"column":39}},"123":{"start":{"line":124,"column":0},"end":{"line":124,"column":68}},"124":{"start":{"line":125,"column":0},"end":{"line":125,"column":19}},"125":{"start":{"line":126,"column":0},"end":{"line":126,"column":108}},"126":{"start":{"line":127,"column":0},"end":{"line":127,"column":26}},"127":{"start":{"line":128,"column":0},"end":{"line":128,"column":38}},"128":{"start":{"line":129,"column":0},"end":{"line":129,"column":43}},"129":{"start":{"line":130,"column":0},"end":{"line":130,"column":91}},"130":{"start":{"line":131,"column":0},"end":{"line":131,"column":39}},"131":{"start":{"line":132,"column":0},"end":{"line":132,"column":11}},"132":{"start":{"line":133,"column":0},"end":{"line":133,"column":7}},"133":{"start":{"line":134,"column":0},"end":{"line":134,"column":5}},"134":{"start":{"line":135,"column":0},"end":{"line":135,"column":66}},"135":{"start":{"line":136,"column":0},"end":{"line":136,"column":39}},"136":{"start":{"line":137,"column":0},"end":{"line":137,"column":39}},"137":{"start":{"line":138,"column":0},"end":{"line":138,"column":1}},"139":{"start":{"line":140,"column":0},"end":{"line":140,"column":98}},"140":{"start":{"line":141,"column":0},"end":{"line":141,"column":44}},"141":{"start":{"line":142,"column":0},"end":{"line":142,"column":52}},"142":{"start":{"line":143,"column":0},"end":{"line":143,"column":54}},"143":{"start":{"line":144,"column":0},"end":{"line":144,"column":39}},"145":{"start":{"line":146,"column":0},"end":{"line":146,"column":73}},"146":{"start":{"line":147,"column":0},"end":{"line":147,"column":19}},"147":{"start":{"line":148,"column":0},"end":{"line":148,"column":89}},"148":{"start":{"line":149,"column":0},"end":{"line":149,"column":26}},"149":{"start":{"line":150,"column":0},"end":{"line":150,"column":38}},"150":{"start":{"line":151,"column":0},"end":{"line":151,"column":43}},"151":{"start":{"line":152,"column":0},"end":{"line":152,"column":83}},"152":{"start":{"line":153,"column":0},"end":{"line":153,"column":39}},"153":{"start":{"line":154,"column":0},"end":{"line":154,"column":11}},"154":{"start":{"line":155,"column":0},"end":{"line":155,"column":7}},"155":{"start":{"line":156,"column":0},"end":{"line":156,"column":5}},"156":{"start":{"line":157,"column":0},"end":{"line":157,"column":63}},"157":{"start":{"line":158,"column":0},"end":{"line":158,"column":39}},"158":{"start":{"line":159,"column":0},"end":{"line":159,"column":51}},"159":{"start":{"line":160,"column":0},"end":{"line":160,"column":1}},"165":{"start":{"line":166,"column":0},"end":{"line":166,"column":97}},"166":{"start":{"line":167,"column":0},"end":{"line":167,"column":37}},"167":{"start":{"line":168,"column":0},"end":{"line":168,"column":22}},"168":{"start":{"line":169,"column":0},"end":{"line":169,"column":68}},"169":{"start":{"line":170,"column":0},"end":{"line":170,"column":37}},"170":{"start":{"line":171,"column":0},"end":{"line":171,"column":18}},"171":{"start":{"line":172,"column":0},"end":{"line":172,"column":1}}},"s":{"3":1,"4":1,"6":1,"7":1,"13":1,"14":1,"15":1,"16":1,"17":1,"18":1,"19":1,"20":1,"21":1,"23":1,"24":19,"25":19,"26":19,"28":1,"29":1,"30":1,"36":1,"37":8,"39":8,"41":8,"43":8,"45":8,"47":8,"48":1,"49":1,"62":0,"63":0,"64":0,"65":0,"66":0,"67":0,"68":0,"69":0,"71":0,"72":0,"73":0,"74":0,"75":0,"77":0,"78":0,"79":0,"81":0,"82":0,"83":0,"84":0,"85":0,"86":0,"87":0,"88":0,"94":0,"95":0,"96":0,"97":0,"98":0,"99":0,"101":0,"102":0,"103":0,"104":0,"105":0,"106":0,"107":0,"108":0,"109":0,"110":0,"111":0,"112":0,"113":0,"114":0,"115":0,"117":0,"118":0,"119":0,"120":0,"121":0,"123":0,"124":0,"125":0,"126":0,"127":0,"128":0,"129":0,"130":0,"131":0,"132":0,"133":0,"134":0,"135":0,"136":0,"137":0,"139":0,"140":0,"141":0,"142":0,"143":0,"145":0,"146":0,"147":0,"148":0,"149":0,"150":0,"151":0,"152":0,"153":0,"154":0,"155":0,"156":0,"157":0,"158":0,"159":0,"165":1,"166":0,"167":0,"168":0,"169":0,"170":0,"171":0},"branchMap":{"0":{"type":"branch","line":24,"loc":{"start":{"line":24,"column":7},"end":{"line":27,"column":1}},"locations":[{"start":{"line":24,"column":7},"end":{"line":27,"column":1}}]},"1":{"type":"branch","line":26,"loc":{"start":{"line":26,"column":21},"end":{"line":26,"column":53}},"locations":[{"start":{"line":26,"column":21},"end":{"line":26,"column":53}}]},"2":{"type":"branch","line":29,"loc":{"start":{"line":29,"column":7},"end":{"line":29,"column":84}},"locations":[{"start":{"line":29,"column":7},"end":{"line":29,"column":84}}]},"3":{"type":"branch","line":30,"loc":{"start":{"line":30,"column":7},"end":{"line":30,"column":84}},"locations":[{"start":{"line":30,"column":7},"end":{"line":30,"column":84}}]},"4":{"type":"branch","line":31,"loc":{"start":{"line":31,"column":7},"end":{"line":31,"column":84}},"locations":[{"start":{"line":31,"column":7},"end":{"line":31,"column":84}}]},"5":{"type":"branch","line":37,"loc":{"start":{"line":37,"column":7},"end":{"line":50,"column":1}},"locations":[{"start":{"line":37,"column":7},"end":{"line":50,"column":1}}]},"6":{"type":"branch","line":38,"loc":{"start":{"line":38,"column":25},"end":{"line":38,"column":42}},"locations":[{"start":{"line":38,"column":25},"end":{"line":38,"column":42}}]},"7":{"type":"branch","line":38,"loc":{"start":{"line":38,"column":32},"end":{"line":40,"column":30}},"locations":[{"start":{"line":38,"column":32},"end":{"line":40,"column":30}}]},"8":{"type":"branch","line":40,"loc":{"start":{"line":40,"column":21},"end":{"line":40,"column":61}},"locations":[{"start":{"line":40,"column":21},"end":{"line":40,"column":61}}]},"9":{"type":"branch","line":40,"loc":{"start":{"line":40,"column":52},"end":{"line":40,"column":103}},"locations":[{"start":{"line":40,"column":52},"end":{"line":40,"column":103}}]},"10":{"type":"branch","line":40,"loc":{"start":{"line":40,"column":103},"end":{"line":40,"column":116}},"locations":[{"start":{"line":40,"column":103},"end":{"line":40,"column":116}}]},"11":{"type":"branch","line":40,"loc":{"start":{"line":40,"column":110},"end":{"line":42,"column":56}},"locations":[{"start":{"line":40,"column":110},"end":{"line":42,"column":56}}]},"12":{"type":"branch","line":42,"loc":{"start":{"line":42,"column":49},"end":{"line":42,"column":62}},"locations":[{"start":{"line":42,"column":49},"end":{"line":42,"column":62}}]},"13":{"type":"branch","line":42,"loc":{"start":{"line":42,"column":56},"end":{"line":44,"column":56}},"locations":[{"start":{"line":42,"column":56},"end":{"line":44,"column":56}}]},"14":{"type":"branch","line":44,"loc":{"start":{"line":44,"column":49},"end":{"line":44,"column":62}},"locations":[{"start":{"line":44,"column":49},"end":{"line":44,"column":62}}]},"15":{"type":"branch","line":44,"loc":{"start":{"line":44,"column":56},"end":{"line":46,"column":56}},"locations":[{"start":{"line":44,"column":56},"end":{"line":46,"column":56}}]},"16":{"type":"branch","line":46,"loc":{"start":{"line":46,"column":49},"end":{"line":46,"column":63}},"locations":[{"start":{"line":46,"column":49},"end":{"line":46,"column":63}}]},"17":{"type":"branch","line":46,"loc":{"start":{"line":46,"column":56},"end":{"line":48,"column":56}},"locations":[{"start":{"line":46,"column":56},"end":{"line":48,"column":56}}]},"18":{"type":"branch","line":48,"loc":{"start":{"line":48,"column":49},"end":{"line":50,"column":1}},"locations":[{"start":{"line":48,"column":49},"end":{"line":50,"column":1}}]}},"b":{"0":[19],"1":[2],"2":[3],"3":[3],"4":[3],"5":[8],"6":[1],"7":[7],"8":[1],"9":[6],"10":[2],"11":[5],"12":[1],"13":[4],"14":[1],"15":[3],"16":[1],"17":[2],"18":[1]},"fnMap":{"0":{"name":"detectMime","decl":{"start":{"line":24,"column":7},"end":{"line":27,"column":1}},"loc":{"start":{"line":24,"column":7},"end":{"line":27,"column":1}},"line":24},"1":{"name":"isImage","decl":{"start":{"line":29,"column":7},"end":{"line":29,"column":84}},"loc":{"start":{"line":29,"column":7},"end":{"line":29,"column":84}},"line":29},"2":{"name":"isAudio","decl":{"start":{"line":30,"column":7},"end":{"line":30,"column":84}},"loc":{"start":{"line":30,"column":7},"end":{"line":30,"column":84}},"line":30},"3":{"name":"isVideo","decl":{"start":{"line":31,"column":7},"end":{"line":31,"column":84}},"loc":{"start":{"line":31,"column":7},"end":{"line":31,"column":84}},"line":31},"4":{"name":"detectAudioFormat","decl":{"start":{"line":37,"column":7},"end":{"line":50,"column":1}},"loc":{"start":{"line":37,"column":7},"end":{"line":50,"column":1}},"line":37},"5":{"name":"processImage","decl":{"start":{"line":63,"column":0},"end":{"line":89,"column":1}},"loc":{"start":{"line":63,"column":0},"end":{"line":89,"column":1}},"line":63},"6":{"name":"describeImage","decl":{"start":{"line":95,"column":0},"end":{"line":116,"column":1}},"loc":{"start":{"line":95,"column":0},"end":{"line":116,"column":1}},"line":95},"7":{"name":"describeWithAnthropic","decl":{"start":{"line":118,"column":0},"end":{"line":138,"column":1}},"loc":{"start":{"line":118,"column":0},"end":{"line":138,"column":1}},"line":118},"8":{"name":"describeWithOpenAI","decl":{"start":{"line":140,"column":0},"end":{"line":160,"column":1}},"loc":{"start":{"line":140,"column":0},"end":{"line":160,"column":1}},"line":140},"9":{"name":"saveMediaFile","decl":{"start":{"line":166,"column":7},"end":{"line":172,"column":1}},"loc":{"start":{"line":166,"column":7},"end":{"line":172,"column":1}},"line":166}},"f":{"0":19,"1":3,"2":3,"3":3,"4":8,"5":0,"6":0,"7":0,"8":0,"9":0}}
,"/Users/cloudchase/github/mrcloudchase/tinyclaw/src/memory.ts": {"path":"/Users/cloudchase/github/mrcloudchase/tinyclaw/src/memory.ts","all":false,"statementMap":{"3":{"start":{"line":4,"column":0},"end":{"line":4,"column":29}},"4":{"start":{"line":5,"column":0},"end":{"line":5,"column":25}},"6":{"start":{"line":7,"column":0},"end":{"line":7,"column":64}},"7":{"start":{"line":8,"column":0},"end":{"line":8,"column":78}},"8":{"start":{"line":9,"column":0},"end":{"line":9,"column":39}},"45":{"start":{"line":46,"column":0},"end":{"line":46,"column":19}},"47":{"start":{"line":48,"column":0},"end":{"line":48,"column":45}},"48":{"start":{"line":49,"column":0},"end":{"line":49,"column":20}},"49":{"start":{"line":50,"column":0},"end":{"line":50,"column":45}},"50":{"start":{"line":51,"column":0},"end":{"line":51,"column":85}},"51":{"start":{"line":52,"column":0},"end":{"line":52,"column":34}},"52":{"start":{"line":53,"column":0},"end":{"line":53,"column":28}},"53":{"start":{"line":54,"column":0},"end":{"line":54,"column":34}},"55":{"start":{"line":56,"column":0},"end":{"line":56,"column":11}},"77":{"start":{"line":78,"column":0},"end":{"line":78,"column":5}},"80":{"start":{"line":81,"column":0},"end":{"line":81,"column":7}},"81":{"start":{"line":82,"column":0},"end":{"line":82,"column":44}},"82":{"start":{"line":83,"column":0},"end":{"line":83,"column":23}},"83":{"start":{"line":84,"column":0},"end":{"line":84,"column":95}},"84":{"start":{"line":85,"column":0},"end":{"line":85,"column":53}},"85":{"start":{"line":86,"column":0},"end":{"line":86,"column":11}},"86":{"start":{"line":87,"column":0},"end":{"line":87,"column":59}},"87":{"start":{"line":88,"column":0},"end":{"line":88,"column":3}},"89":{"start":{"line":90,"column":0},"end":{"line":90,"column":12}},"90":{"start":{"line":91,"column":0},"end":{"line":91,"column":1}},"92":{"start":{"line":93,"column":0},"end":{"line":93,"column":44}},"93":{"start":{"line":94,"column":0},"end":{"line":94,"column":10}},"94":{"start":{"line":95,"column":0},"end":{"line":95,"column":15}},"95":{"start":{"line":96,"column":0},"end":{"line":96,"column":25}},"96":{"start":{"line":97,"column":0},"end":{"line":97,"column":47}},"97":{"start":{"line":98,"column":0},"end":{"line":98,"column":30}},"98":{"start":{"line":99,"column":0},"end":{"line":99,"column":30}},"99":{"start":{"line":100,"column":0},"end":{"line":100,"column":23}},"100":{"start":{"line":101,"column":0},"end":{"line":101,"column":39}},"101":{"start":{"line":102,"column":0},"end":{"line":102,"column":4}},"102":{"start":{"line":103,"column":0},"end":{"line":103,"column":1}},"104":{"start":{"line":105,"column":0},"end":{"line":105,"column":72}},"105":{"start":{"line":106,"column":0},"end":{"line":106,"column":33}},"106":{"start":{"line":107,"column":0},"end":{"line":107,"column":83}},"107":{"start":{"line":108,"column":0},"end":{"line":108,"column":21}},"108":{"start":{"line":109,"column":0},"end":{"line":109,"column":93}},"110":{"start":{"line":111,"column":0},"end":{"line":111,"column":10}},"111":{"start":{"line":112,"column":0},"end":{"line":112,"column":52}},"112":{"start":{"line":113,"column":0},"end":{"line":113,"column":38}},"113":{"start":{"line":114,"column":0},"end":{"line":114,"column":85}},"114":{"start":{"line":115,"column":0},"end":{"line":115,"column":94}},"115":{"start":{"line":116,"column":0},"end":{"line":116,"column":48}},"118":{"start":{"line":119,"column":0},"end":{"line":119,"column":19}},"119":{"start":{"line":120,"column":0},"end":{"line":120,"column":13}},"120":{"start":{"line":121,"column":0},"end":{"line":121,"column":93}},"121":{"start":{"line":122,"column":0},"end":{"line":122,"column":34}},"122":{"start":{"line":123,"column":0},"end":{"line":123,"column":136}},"123":{"start":{"line":124,"column":0},"end":{"line":124,"column":144}},"124":{"start":{"line":125,"column":0},"end":{"line":125,"column":11}},"125":{"start":{"line":126,"column":0},"end":{"line":126,"column":70}},"126":{"start":{"line":127,"column":0},"end":{"line":127,"column":7}},"128":{"start":{"line":129,"column":0},"end":{"line":129,"column":40}},"129":{"start":{"line":130,"column":0},"end":{"line":130,"column":16}},"130":{"start":{"line":131,"column":0},"end":{"line":131,"column":6}},"132":{"start":{"line":133,"column":0},"end":{"line":133,"column":37}},"134":{"start":{"line":135,"column":0},"end":{"line":135,"column":40}},"135":{"start":{"line":136,"column":0},"end":{"line":136,"column":130}},"136":{"start":{"line":137,"column":0},"end":{"line":137,"column":30}},"137":{"start":{"line":138,"column":0},"end":{"line":138,"column":53}},"138":{"start":{"line":139,"column":0},"end":{"line":139,"column":29}},"139":{"start":{"line":140,"column":0},"end":{"line":140,"column":23}},"140":{"start":{"line":141,"column":0},"end":{"line":141,"column":35}},"141":{"start":{"line":142,"column":0},"end":{"line":142,"column":10}},"144":{"start":{"line":145,"column":0},"end":{"line":145,"column":54}},"147":{"start":{"line":148,"column":0},"end":{"line":148,"column":11}},"148":{"start":{"line":149,"column":0},"end":{"line":149,"column":94}},"149":{"start":{"line":150,"column":0},"end":{"line":150,"column":72}},"151":{"start":{"line":152,"column":0},"end":{"line":152,"column":41}},"152":{"start":{"line":153,"column":0},"end":{"line":153,"column":101}},"153":{"start":{"line":154,"column":0},"end":{"line":154,"column":79}},"156":{"start":{"line":157,"column":0},"end":{"line":157,"column":77}},"157":{"start":{"line":158,"column":0},"end":{"line":158,"column":91}},"158":{"start":{"line":159,"column":0},"end":{"line":159,"column":38}},"159":{"start":{"line":160,"column":0},"end":{"line":160,"column":75}},"160":{"start":{"line":161,"column":0},"end":{"line":161,"column":9}},"161":{"start":{"line":162,"column":0},"end":{"line":162,"column":44}},"162":{"start":{"line":163,"column":0},"end":{"line":163,"column":75}},"163":{"start":{"line":164,"column":0},"end":{"line":164,"column":50}},"164":{"start":{"line":165,"column":0},"end":{"line":165,"column":51}},"165":{"start":{"line":166,"column":0},"end":{"line":166,"column":69}},"166":{"start":{"line":167,"column":0},"end":{"line":167,"column":9}},"169":{"start":{"line":170,"column":0},"end":{"line":170,"column":46}},"170":{"start":{"line":171,"column":0},"end":{"line":171,"column":90}},"171":{"start":{"line":172,"column":0},"end":{"line":172,"column":44}},"172":{"start":{"line":173,"column":0},"end":{"line":173,"column":27}},"174":{"start":{"line":175,"column":0},"end":{"line":175,"column":43}},"175":{"start":{"line":176,"column":0},"end":{"line":176,"column":88}},"176":{"start":{"line":177,"column":0},"end":{"line":177,"column":90}},"177":{"start":{"line":178,"column":0},"end":{"line":178,"column":34}},"179":{"start":{"line":180,"column":0},"end":{"line":180,"column":23}},"180":{"start":{"line":181,"column":0},"end":{"line":181,"column":21}},"181":{"start":{"line":182,"column":0},"end":{"line":182,"column":72}},"182":{"start":{"line":183,"column":0},"end":{"line":183,"column":43}},"183":{"start":{"line":184,"column":0},"end":{"line":184,"column":7}},"184":{"start":{"line":185,"column":0},"end":{"line":185,"column":6}},"186":{"start":{"line":187,"column":0},"end":{"line":187,"column":19}},"187":{"start":{"line":188,"column":0},"end":{"line":188,"column":82}},"188":{"start":{"line":189,"column":0},"end":{"line":189,"column":47}},"189":{"start":{"line":190,"column":0},"end":{"line":190,"column":6}},"191":{"start":{"line":192,"column":0},"end":{"line":192,"column":22}},"192":{"start":{"line":193,"column":0},"end":{"line":193,"column":83}},"193":{"start":{"line":194,"column":0},"end":{"line":194,"column":32}},"194":{"start":{"line":195,"column":0},"end":{"line":195,"column":6}},"196":{"start":{"line":197,"column":0},"end":{"line":197,"column":40}},"197":{"start":{"line":198,"column":0},"end":{"line":198,"column":123}},"198":{"start":{"line":199,"column":0},"end":{"line":199,"column":34}},"199":{"start":{"line":200,"column":0},"end":{"line":200,"column":6}},"201":{"start":{"line":202,"column":0},"end":{"line":202,"column":19}},"202":{"start":{"line":203,"column":0},"end":{"line":203,"column":100}},"203":{"start":{"line":204,"column":0},"end":{"line":204,"column":21}},"204":{"start":{"line":205,"column":0},"end":{"line":205,"column":6}},"206":{"start":{"line":207,"column":0},"end":{"line":207,"column":13}},"207":{"start":{"line":208,"column":0},"end":{"line":208,"column":40}},"208":{"start":{"line":209,"column":0},"end":{"line":209,"column":6}},"209":{"start":{"line":210,"column":0},"end":{"line":210,"column":4}},"210":{"start":{"line":211,"column":0},"end":{"line":211,"column":1}},"216":{"start":{"line":217,"column":0},"end":{"line":217,"column":82}},"217":{"start":{"line":218,"column":0},"end":{"line":218,"column":34}},"218":{"start":{"line":219,"column":0},"end":{"line":219,"column":30}},"219":{"start":{"line":220,"column":0},"end":{"line":220,"column":12}},"220":{"start":{"line":221,"column":0},"end":{"line":221,"column":28}},"221":{"start":{"line":222,"column":0},"end":{"line":222,"column":54}},"222":{"start":{"line":223,"column":0},"end":{"line":223,"column":47}},"223":{"start":{"line":224,"column":0},"end":{"line":224,"column":22}},"224":{"start":{"line":225,"column":0},"end":{"line":225,"column":43}},"225":{"start":{"line":226,"column":0},"end":{"line":226,"column":3}},"226":{"start":{"line":227,"column":0},"end":{"line":227,"column":67}},"227":{"start":{"line":228,"column":0},"end":{"line":228,"column":16}},"228":{"start":{"line":229,"column":0},"end":{"line":229,"column":1}},"234":{"start":{"line":235,"column":0},"end":{"line":235,"column":39}},"235":{"start":{"line":236,"column":0},"end":{"line":236,"column":19}},"236":{"start":{"line":237,"column":0},"end":{"line":237,"column":21}},"237":{"start":{"line":238,"column":0},"end":{"line":238,"column":25}},"238":{"start":{"line":239,"column":0},"end":{"line":239,"column":20}},"239":{"start":{"line":240,"column":0},"end":{"line":240,"column":53}},"240":{"start":{"line":241,"column":0},"end":{"line":241,"column":52}},"241":{"start":{"line":242,"column":0},"end":{"line":242,"column":57}},"242":{"start":{"line":243,"column":0},"end":{"line":243,"column":61}},"243":{"start":{"line":244,"column":0},"end":{"line":244,"column":17}},"244":{"start":{"line":245,"column":0},"end":{"line":245,"column":31}},"245":{"start":{"line":246,"column":0},"end":{"line":246,"column":70}},"246":{"start":{"line":247,"column":0},"end":{"line":247,"column":13}},"247":{"start":{"line":248,"column":0},"end":{"line":248,"column":3}},"248":{"start":{"line":249,"column":0},"end":{"line":249,"column":56}},"249":{"start":{"line":250,"column":0},"end":{"line":250,"column":16}},"250":{"start":{"line":251,"column":0},"end":{"line":251,"column":1}}},"s":{"3":1,"4":1,"6":1,"7":1,"8":1,"45":1,"47":0,"48":0,"49":0,"50":0,"51":0,"52":0,"53":0,"55":0,"77":0,"80":0,"81":0,"82":0,"83":0,"84":0,"85":0,"86":0,"87":0,"89":0,"90":0,"92":0,"93":0,"94":0,"95":0,"96":0,"97":0,"98":0,"99":0,"100":0,"101":0,"102":0,"104":1,"105":0,"106":0,"107":0,"108":0,"110":0,"111":0,"112":0,"113":0,"114":0,"115":0,"118":0,"119":0,"120":0,"121":0,"122":0,"123":0,"124":0,"125":0,"126":0,"128":0,"129":0,"130":0,"132":0,"134":0,"135":0,"136":0,"137":0,"138":0,"139":0,"140":0,"141":0,"144":0,"147":0,"148":0,"149":0,"151":0,"152":0,"153":0,"156":0,"157":0,"158":0,"159":0,"160":0,"161":0,"162":0,"163":0,"164":0,"165":0,"166":0,"169":0,"170":0,"171":0,"172":0,"174":0,"175":0,"176":0,"177":0,"179":0,"180":0,"181":0,"182":0,"183":0,"184":0,"186":0,"187":0,"188":0,"189":0,"191":0,"192":0,"193":0,"194":0,"196":0,"197":0,"198":0,"199":0,"201":0,"202":0,"203":0,"204":0,"206":0,"207":0,"208":0,"209":0,"210":0,"216":1,"217":6,"218":6,"219":6,"220":6,"221":21,"222":21,"223":21,"224":21,"225":21,"226":6,"227":6,"228":6,"234":0,"235":0,"236":0,"237":0,"238":0,"239":0,"240":0,"241":0,"242":0,"243":0,"244":0,"245":0,"246":0,"247":0,"248":0,"249":0,"250":0},"branchMap":{"0":{"type":"branch","line":217,"loc":{"start":{"line":217,"column":7},"end":{"line":229,"column":1}},"locations":[{"start":{"line":217,"column":7},"end":{"line":229,"column":1}}]},"1":{"type":"branch","line":221,"loc":{"start":{"line":221,"column":27},"end":{"line":226,"column":3}},"locations":[{"start":{"line":221,"column":27},"end":{"line":226,"column":3}}]},"2":{"type":"branch","line":225,"loc":{"start":{"line":225,"column":37},"end":{"line":225,"column":43}},"locations":[{"start":{"line":225,"column":37},"end":{"line":225,"column":43}}]},"3":{"type":"branch","line":227,"loc":{"start":{"line":227,"column":24},"end":{"line":227,"column":42}},"locations":[{"start":{"line":227,"column":24},"end":{"line":227,"column":42}}]},"4":{"type":"branch","line":227,"loc":{"start":{"line":227,"column":42},"end":{"line":227,"column":67}},"locations":[{"start":{"line":227,"column":42},"end":{"line":227,"column":67}}]}},"b":{"0":[6],"1":[21],"2":[6],"3":[0],"4":[0]},"fnMap":{"0":{"name":"getDb","decl":{"start":{"line":48,"column":0},"end":{"line":91,"column":1}},"loc":{"start":{"line":48,"column":0},"end":{"line":91,"column":1}},"line":48},"1":{"name":"rowToEntry","decl":{"start":{"line":93,"column":0},"end":{"line":103,"column":1}},"loc":{"start":{"line":93,"column":0},"end":{"line":103,"column":1}},"line":93},"2":{"name":"createMemoryStore","decl":{"start":{"line":105,"column":7},"end":{"line":211,"column":1}},"loc":{"start":{"line":105,"column":7},"end":{"line":211,"column":1}},"line":105},"3":{"name":"chunkText","decl":{"start":{"line":217,"column":7},"end":{"line":229,"column":1}},"loc":{"start":{"line":217,"column":7},"end":{"line":229,"column":1}},"line":217},"4":{"name":"syncFileToMemory","decl":{"start":{"line":235,"column":0},"end":{"line":251,"column":1}},"loc":{"start":{"line":235,"column":0},"end":{"line":251,"column":1}},"line":235}},"f":{"0":0,"1":0,"2":0,"3":6,"4":0}}
,"/Users/cloudchase/github/mrcloudchase/tinyclaw/src/multi-agent.ts": {"path":"/Users/cloudchase/github/mrcloudchase/tinyclaw/src/multi-agent.ts","all":false,"statementMap":{"5":{"start":{"line":6,"column":0},"end":{"line":6,"column":117}},"6":{"start":{"line":7,"column":0},"end":{"line":7,"column":45}},"7":{"start":{"line":8,"column":0},"end":{"line":8,"column":39}},"20":{"start":{"line":21,"column":0},"end":{"line":21,"column":52}},"22":{"start":{"line":23,"column":0},"end":{"line":23,"column":74}},"23":{"start":{"line":24,"column":0},"end":{"line":24,"column":36}},"24":{"start":{"line":25,"column":0},"end":{"line":25,"column":1}},"26":{"start":{"line":27,"column":0},"end":{"line":27,"column":90}},"27":{"start":{"line":28,"column":0},"end":{"line":28,"column":50}},"28":{"start":{"line":29,"column":0},"end":{"line":29,"column":13}},"29":{"start":{"line":30,"column":0},"end":{"line":30,"column":30}},"30":{"start":{"line":31,"column":0},"end":{"line":31,"column":27}},"31":{"start":{"line":32,"column":0},"end":{"line":32,"column":6}},"32":{"start":{"line":33,"column":0},"end":{"line":33,"column":1}},"38":{"start":{"line":39,"column":0},"end":{"line":39,"column":42}},"44":{"start":{"line":45,"column":0},"end":{"line":45,"column":52}},"45":{"start":{"line":46,"column":0},"end":{"line":46,"column":71}},"46":{"start":{"line":47,"column":0},"end":{"line":47,"column":66}},"49":{"start":{"line":50,"column":0},"end":{"line":50,"column":76}},"51":{"start":{"line":52,"column":0},"end":{"line":52,"column":99}},"53":{"start":{"line":54,"column":0},"end":{"line":54,"column":47}},"54":{"start":{"line":55,"column":0},"end":{"line":55,"column":11}},"55":{"start":{"line":56,"column":0},"end":{"line":56,"column":36}},"56":{"start":{"line":57,"column":0},"end":{"line":57,"column":17}},"57":{"start":{"line":58,"column":0},"end":{"line":58,"column":12}},"58":{"start":{"line":59,"column":0},"end":{"line":59,"column":20}},"59":{"start":{"line":60,"column":0},"end":{"line":60,"column":5}},"61":{"start":{"line":62,"column":0},"end":{"line":62,"column":30}},"62":{"start":{"line":63,"column":0},"end":{"line":63,"column":16}},"63":{"start":{"line":64,"column":0},"end":{"line":64,"column":12}},"64":{"start":{"line":65,"column":0},"end":{"line":65,"column":19}},"65":{"start":{"line":66,"column":0},"end":{"line":66,"column":26}},"66":{"start":{"line":67,"column":0},"end":{"line":67,"column":5}},"69":{"start":{"line":70,"column":0},"end":{"line":70,"column":33}},"70":{"start":{"line":71,"column":0},"end":{"line":71,"column":11}},"71":{"start":{"line":72,"column":0},"end":{"line":72,"column":11}},"72":{"start":{"line":73,"column":0},"end":{"line":73,"column":36}},"73":{"start":{"line":74,"column":0},"end":{"line":74,"column":17}},"74":{"start":{"line":75,"column":0},"end":{"line":75,"column":29}},"75":{"start":{"line":76,"column":0},"end":{"line":76,"column":5}},"77":{"start":{"line":78,"column":0},"end":{"line":78,"column":44}},"78":{"start":{"line":79,"column":0},"end":{"line":79,"column":1}},"84":{"start":{"line":85,"column":0},"end":{"line":85,"column":43}},"90":{"start":{"line":91,"column":0},"end":{"line":91,"column":35}},"91":{"start":{"line":92,"column":0},"end":{"line":92,"column":53}},"92":{"start":{"line":93,"column":0},"end":{"line":93,"column":16}},"93":{"start":{"line":94,"column":0},"end":{"line":94,"column":59}},"94":{"start":{"line":95,"column":0},"end":{"line":95,"column":3}},"96":{"start":{"line":97,"column":0},"end":{"line":97,"column":67}},"97":{"start":{"line":98,"column":0},"end":{"line":98,"column":33}},"98":{"start":{"line":99,"column":0},"end":{"line":99,"column":26}},"99":{"start":{"line":100,"column":0},"end":{"line":100,"column":36}},"100":{"start":{"line":101,"column":0},"end":{"line":101,"column":45}},"101":{"start":{"line":102,"column":0},"end":{"line":102,"column":38}},"102":{"start":{"line":103,"column":0},"end":{"line":103,"column":36}},"103":{"start":{"line":104,"column":0},"end":{"line":104,"column":5}},"105":{"start":{"line":106,"column":0},"end":{"line":106,"column":35}},"106":{"start":{"line":107,"column":0},"end":{"line":107,"column":1}},"112":{"start":{"line":113,"column":0},"end":{"line":113,"column":36}},"113":{"start":{"line":114,"column":0},"end":{"line":114,"column":25}},"114":{"start":{"line":115,"column":0},"end":{"line":115,"column":20}},"115":{"start":{"line":116,"column":0},"end":{"line":116,"column":21}},"116":{"start":{"line":117,"column":0},"end":{"line":117,"column":18}},"117":{"start":{"line":118,"column":0},"end":{"line":118,"column":44}},"118":{"start":{"line":119,"column":0},"end":{"line":119,"column":92}},"119":{"start":{"line":120,"column":0},"end":{"line":120,"column":102}},"120":{"start":{"line":121,"column":0},"end":{"line":121,"column":33}},"121":{"start":{"line":122,"column":0},"end":{"line":122,"column":1}},"127":{"start":{"line":128,"column":0},"end":{"line":128,"column":55}},"128":{"start":{"line":129,"column":0},"end":{"line":129,"column":39}},"129":{"start":{"line":130,"column":0},"end":{"line":130,"column":1}},"131":{"start":{"line":132,"column":0},"end":{"line":132,"column":42}},"132":{"start":{"line":133,"column":0},"end":{"line":133,"column":35}},"133":{"start":{"line":134,"column":0},"end":{"line":134,"column":24}},"134":{"start":{"line":135,"column":0},"end":{"line":135,"column":15}},"135":{"start":{"line":136,"column":0},"end":{"line":136,"column":1}}},"s":{"5":1,"6":1,"7":1,"20":1,"22":1,"23":0,"24":0,"26":1,"27":1,"28":0,"29":0,"30":0,"31":1,"32":1,"38":0,"44":0,"45":0,"46":0,"49":0,"51":0,"53":0,"54":0,"55":0,"56":0,"57":0,"58":0,"59":0,"61":0,"62":0,"63":0,"64":0,"65":0,"66":0,"69":0,"70":0,"71":0,"72":0,"73":0,"74":0,"75":0,"77":0,"78":0,"84":0,"90":0,"91":0,"92":0,"93":0,"94":0,"96":0,"97":0,"98":0,"99":0,"100":0,"101":0,"102":0,"103":0,"105":0,"106":0,"112":1,"113":2,"114":2,"115":2,"116":2,"117":2,"118":2,"119":2,"120":2,"121":2,"127":1,"128":1,"129":1,"131":1,"132":1,"133":1,"134":1,"135":1},"branchMap":{"0":{"type":"branch","line":27,"loc":{"start":{"line":27,"column":7},"end":{"line":33,"column":1}},"locations":[{"start":{"line":27,"column":7},"end":{"line":33,"column":1}}]},"1":{"type":"branch","line":113,"loc":{"start":{"line":113,"column":7},"end":{"line":122,"column":1}},"locations":[{"start":{"line":113,"column":7},"end":{"line":122,"column":1}}]},"2":{"type":"branch","line":120,"loc":{"start":{"line":120,"column":57},"end":{"line":120,"column":81}},"locations":[{"start":{"line":120,"column":57},"end":{"line":120,"column":81}}]},"3":{"type":"branch","line":120,"loc":{"start":{"line":120,"column":81},"end":{"line":120,"column":100}},"locations":[{"start":{"line":120,"column":81},"end":{"line":120,"column":100}}]},"4":{"type":"branch","line":128,"loc":{"start":{"line":128,"column":7},"end":{"line":130,"column":1}},"locations":[{"start":{"line":128,"column":7},"end":{"line":130,"column":1}}]},"5":{"type":"branch","line":132,"loc":{"start":{"line":132,"column":7},"end":{"line":136,"column":1}},"locations":[{"start":{"line":132,"column":7},"end":{"line":136,"column":1}}]}},"b":{"0":[1],"1":[2],"2":[0],"3":[0],"4":[1],"5":[1]},"fnMap":{"0":{"name":"getAgentSession","decl":{"start":{"line":23,"column":7},"end":{"line":25,"column":1}},"loc":{"start":{"line":23,"column":7},"end":{"line":25,"column":1}},"line":23},"1":{"name":"listAgents","decl":{"start":{"line":27,"column":7},"end":{"line":33,"column":1}},"loc":{"start":{"line":27,"column":7},"end":{"line":33,"column":1}},"line":27},"2":{"name":"spawnAgent","decl":{"start":{"line":39,"column":0},"end":{"line":79,"column":1}},"loc":{"start":{"line":39,"column":0},"end":{"line":79,"column":1}},"line":39},"3":{"name":"sendToAgent","decl":{"start":{"line":85,"column":0},"end":{"line":107,"column":1}},"loc":{"start":{"line":85,"column":0},"end":{"line":107,"column":1}},"line":85},"4":{"name":"resolveAgentBinding","decl":{"start":{"line":113,"column":7},"end":{"line":122,"column":1}},"loc":{"start":{"line":113,"column":7},"end":{"line":122,"column":1}},"line":113},"5":{"name":"removeAgent","decl":{"start":{"line":128,"column":7},"end":{"line":130,"column":1}},"loc":{"start":{"line":128,"column":7},"end":{"line":130,"column":1}},"line":128},"6":{"name":"clearAllAgents","decl":{"start":{"line":132,"column":7},"end":{"line":136,"column":1}},"loc":{"start":{"line":132,"column":7},"end":{"line":136,"column":1}},"line":132}},"f":{"0":0,"1":1,"2":0,"3":0,"4":2,"5":1,"6":1}}
,"/Users/cloudchase/github/mrcloudchase/tinyclaw/src/pairing.ts": {"path":"/Users/cloudchase/github/mrcloudchase/tinyclaw/src/pairing.ts","all":false,"statementMap":{"3":{"start":{"line":4,"column":0},"end":{"line":4,"column":25}},"4":{"start":{"line":5,"column":0},"end":{"line":5,"column":29}},"5":{"start":{"line":6,"column":0},"end":{"line":6,"column":33}},"6":{"start":{"line":7,"column":0},"end":{"line":7,"column":26}},"7":{"start":{"line":8,"column":0},"end":{"line":8,"column":64}},"8":{"start":{"line":9,"column":0},"end":{"line":9,"column":39}},"40":{"start":{"line":41,"column":0},"end":{"line":41,"column":53}},"41":{"start":{"line":42,"column":0},"end":{"line":42,"column":22}},"42":{"start":{"line":43,"column":0},"end":{"line":43,"column":34}},"43":{"start":{"line":44,"column":0},"end":{"line":44,"column":40}},"45":{"start":{"line":46,"column":0},"end":{"line":46,"column":33}},"46":{"start":{"line":47,"column":0},"end":{"line":47,"column":48}},"47":{"start":{"line":48,"column":0},"end":{"line":48,"column":26}},"48":{"start":{"line":49,"column":0},"end":{"line":49,"column":50}},"49":{"start":{"line":50,"column":0},"end":{"line":50,"column":14}},"50":{"start":{"line":51,"column":0},"end":{"line":51,"column":1}},"56":{"start":{"line":57,"column":0},"end":{"line":57,"column":27}},"57":{"start":{"line":58,"column":0},"end":{"line":58,"column":59}},"58":{"start":{"line":59,"column":0},"end":{"line":59,"column":27}},"60":{"start":{"line":61,"column":0},"end":{"line":61,"column":34}},"61":{"start":{"line":62,"column":0},"end":{"line":62,"column":79}},"62":{"start":{"line":63,"column":0},"end":{"line":63,"column":16}},"63":{"start":{"line":64,"column":0},"end":{"line":64,"column":3}},"67":{"start":{"line":68,"column":0},"end":{"line":68,"column":24}},"68":{"start":{"line":69,"column":0},"end":{"line":69,"column":9}},"69":{"start":{"line":70,"column":0},"end":{"line":70,"column":41}},"70":{"start":{"line":71,"column":0},"end":{"line":71,"column":60}},"71":{"start":{"line":72,"column":0},"end":{"line":72,"column":37}},"72":{"start":{"line":73,"column":0},"end":{"line":73,"column":28}},"73":{"start":{"line":74,"column":0},"end":{"line":74,"column":7}},"74":{"start":{"line":75,"column":0},"end":{"line":75,"column":19}},"75":{"start":{"line":76,"column":0},"end":{"line":76,"column":54}},"76":{"start":{"line":77,"column":0},"end":{"line":77,"column":47}},"77":{"start":{"line":78,"column":0},"end":{"line":78,"column":5}},"78":{"start":{"line":79,"column":0},"end":{"line":79,"column":3}},"80":{"start":{"line":81,"column":0},"end":{"line":81,"column":24}},"81":{"start":{"line":82,"column":0},"end":{"line":82,"column":9}},"82":{"start":{"line":83,"column":0},"end":{"line":83,"column":45}},"83":{"start":{"line":84,"column":0},"end":{"line":84,"column":84}},"84":{"start":{"line":85,"column":0},"end":{"line":85,"column":19}},"85":{"start":{"line":86,"column":0},"end":{"line":86,"column":55}},"86":{"start":{"line":87,"column":0},"end":{"line":87,"column":5}},"87":{"start":{"line":88,"column":0},"end":{"line":88,"column":3}},"91":{"start":{"line":92,"column":0},"end":{"line":92,"column":87}},"92":{"start":{"line":93,"column":0},"end":{"line":93,"column":24}},"95":{"start":{"line":96,"column":0},"end":{"line":96,"column":86}},"96":{"start":{"line":97,"column":0},"end":{"line":97,"column":59}},"98":{"start":{"line":99,"column":0},"end":{"line":99,"column":81}},"99":{"start":{"line":100,"column":0},"end":{"line":100,"column":82}},"100":{"start":{"line":101,"column":0},"end":{"line":101,"column":5}},"103":{"start":{"line":104,"column":0},"end":{"line":104,"column":44}},"104":{"start":{"line":105,"column":0},"end":{"line":105,"column":62}},"105":{"start":{"line":106,"column":0},"end":{"line":106,"column":6}},"106":{"start":{"line":107,"column":0},"end":{"line":107,"column":54}},"107":{"start":{"line":108,"column":0},"end":{"line":108,"column":22}},"108":{"start":{"line":109,"column":0},"end":{"line":109,"column":5}},"111":{"start":{"line":112,"column":0},"end":{"line":112,"column":19}},"112":{"start":{"line":113,"column":0},"end":{"line":113,"column":74}},"113":{"start":{"line":114,"column":0},"end":{"line":114,"column":5}},"115":{"start":{"line":116,"column":0},"end":{"line":116,"column":37}},"116":{"start":{"line":117,"column":0},"end":{"line":117,"column":27}},"117":{"start":{"line":118,"column":0},"end":{"line":118,"column":16}},"118":{"start":{"line":119,"column":0},"end":{"line":119,"column":13}},"119":{"start":{"line":120,"column":0},"end":{"line":120,"column":15}},"120":{"start":{"line":121,"column":0},"end":{"line":121,"column":28}},"121":{"start":{"line":122,"column":0},"end":{"line":122,"column":37}},"122":{"start":{"line":123,"column":0},"end":{"line":123,"column":6}},"124":{"start":{"line":125,"column":0},"end":{"line":125,"column":36}},"125":{"start":{"line":126,"column":0},"end":{"line":126,"column":16}},"126":{"start":{"line":127,"column":0},"end":{"line":127,"column":84}},"127":{"start":{"line":128,"column":0},"end":{"line":128,"column":19}},"128":{"start":{"line":129,"column":0},"end":{"line":129,"column":3}},"130":{"start":{"line":131,"column":0},"end":{"line":131,"column":75}},"131":{"start":{"line":132,"column":0},"end":{"line":132,"column":41}},"132":{"start":{"line":133,"column":0},"end":{"line":133,"column":73}},"133":{"start":{"line":134,"column":0},"end":{"line":134,"column":29}},"135":{"start":{"line":136,"column":0},"end":{"line":136,"column":43}},"138":{"start":{"line":139,"column":0},"end":{"line":139,"column":41}},"139":{"start":{"line":140,"column":0},"end":{"line":140,"column":39}},"140":{"start":{"line":141,"column":0},"end":{"line":141,"column":18}},"141":{"start":{"line":142,"column":0},"end":{"line":142,"column":18}},"142":{"start":{"line":143,"column":0},"end":{"line":143,"column":5}},"145":{"start":{"line":146,"column":0},"end":{"line":146,"column":37}},"146":{"start":{"line":147,"column":0},"end":{"line":147,"column":28}},"147":{"start":{"line":148,"column":0},"end":{"line":148,"column":35}},"148":{"start":{"line":149,"column":0},"end":{"line":149,"column":29}},"149":{"start":{"line":150,"column":0},"end":{"line":150,"column":29}},"150":{"start":{"line":151,"column":0},"end":{"line":151,"column":29}},"151":{"start":{"line":152,"column":0},"end":{"line":152,"column":7}},"153":{"start":{"line":154,"column":0},"end":{"line":154,"column":16}},"154":{"start":{"line":155,"column":0},"end":{"line":155,"column":76}},"155":{"start":{"line":156,"column":0},"end":{"line":156,"column":68}},"156":{"start":{"line":157,"column":0},"end":{"line":157,"column":3}},"160":{"start":{"line":161,"column":0},"end":{"line":161,"column":57}},"161":{"start":{"line":162,"column":0},"end":{"line":162,"column":34}},"162":{"start":{"line":163,"column":0},"end":{"line":163,"column":62}},"163":{"start":{"line":164,"column":0},"end":{"line":164,"column":6}},"164":{"start":{"line":165,"column":0},"end":{"line":165,"column":3}},"166":{"start":{"line":167,"column":0},"end":{"line":167,"column":55}},"167":{"start":{"line":168,"column":0},"end":{"line":168,"column":50}},"168":{"start":{"line":169,"column":0},"end":{"line":169,"column":28}},"169":{"start":{"line":170,"column":0},"end":{"line":170,"column":16}},"170":{"start":{"line":171,"column":0},"end":{"line":171,"column":13}},"171":{"start":{"line":172,"column":0},"end":{"line":172,"column":29}},"172":{"start":{"line":173,"column":0},"end":{"line":173,"column":28}},"173":{"start":{"line":174,"column":0},"end":{"line":174,"column":7}},"174":{"start":{"line":175,"column":0},"end":{"line":175,"column":16}},"175":{"start":{"line":176,"column":0},"end":{"line":176,"column":3}},"177":{"start":{"line":178,"column":0},"end":{"line":178,"column":60}},"178":{"start":{"line":179,"column":0},"end":{"line":179,"column":44}},"179":{"start":{"line":180,"column":0},"end":{"line":180,"column":49}},"180":{"start":{"line":181,"column":0},"end":{"line":181,"column":65}},"181":{"start":{"line":182,"column":0},"end":{"line":182,"column":6}},"182":{"start":{"line":183,"column":0},"end":{"line":183,"column":44}},"183":{"start":{"line":184,"column":0},"end":{"line":184,"column":18}},"184":{"start":{"line":185,"column":0},"end":{"line":185,"column":60}},"185":{"start":{"line":186,"column":0},"end":{"line":186,"column":18}},"186":{"start":{"line":187,"column":0},"end":{"line":187,"column":5}},"187":{"start":{"line":188,"column":0},"end":{"line":188,"column":17}},"188":{"start":{"line":189,"column":0},"end":{"line":189,"column":3}},"192":{"start":{"line":193,"column":0},"end":{"line":193,"column":35}},"193":{"start":{"line":194,"column":0},"end":{"line":194,"column":24}},"194":{"start":{"line":195,"column":0},"end":{"line":195,"column":34}},"195":{"start":{"line":196,"column":0},"end":{"line":196,"column":3}},"197":{"start":{"line":198,"column":0},"end":{"line":198,"column":31}},"198":{"start":{"line":199,"column":0},"end":{"line":199,"column":34}},"199":{"start":{"line":200,"column":0},"end":{"line":200,"column":3}},"203":{"start":{"line":204,"column":0},"end":{"line":204,"column":24}},"204":{"start":{"line":205,"column":0},"end":{"line":205,"column":27}},"205":{"start":{"line":206,"column":0},"end":{"line":206,"column":44}},"206":{"start":{"line":207,"column":0},"end":{"line":207,"column":75}},"207":{"start":{"line":208,"column":0},"end":{"line":208,"column":44}},"208":{"start":{"line":209,"column":0},"end":{"line":209,"column":18}},"209":{"start":{"line":210,"column":0},"end":{"line":210,"column":5}},"210":{"start":{"line":211,"column":0},"end":{"line":211,"column":3}},"211":{"start":{"line":212,"column":0},"end":{"line":212,"column":1}},"217":{"start":{"line":218,"column":0},"end":{"line":218,"column":37}},"219":{"start":{"line":220,"column":0},"end":{"line":220,"column":49}},"220":{"start":{"line":221,"column":0},"end":{"line":221,"column":43}},"221":{"start":{"line":222,"column":0},"end":{"line":222,"column":16}},"222":{"start":{"line":223,"column":0},"end":{"line":223,"column":1}},"224":{"start":{"line":225,"column":0},"end":{"line":225,"column":67}},"225":{"start":{"line":226,"column":0},"end":{"line":226,"column":38}},"226":{"start"
[...]
,"16":1,"17":1,"18":1,"19":1,"20":1,"21":1,"22":1,"23":1,"24":4,"25":4,"27":4,"28":4,"30":4,"31":4,"32":4,"33":4,"34":4,"36":2,"37":4,"38":4,"40":1,"41":1,"42":1,"43":1,"44":4,"45":0,"46":0,"47":0,"48":0,"49":4,"50":1,"51":1,"57":1,"58":1,"59":1,"60":1,"61":1,"62":1,"63":1,"64":1,"65":1,"66":1,"67":1,"68":1,"69":1,"70":1,"71":5,"72":5,"74":5,"75":5,"76":5,"77":5,"78":5,"79":5,"80":5,"82":5,"83":5,"85":5,"86":5,"87":2,"88":5,"89":1,"90":1,"91":1,"92":5,"93":1,"94":1,"97":1,"98":1,"99":1,"100":1,"101":1,"102":1,"103":1,"104":1,"105":1,"106":1,"107":1,"108":1},"branchMap":{"0":{"type":"branch","line":11,"loc":{"start":{"line":11,"column":7},"end":{"line":52,"column":1}},"locations":[{"start":{"line":11,"column":7},"end":{"line":52,"column":1}}]},"1":{"type":"branch","line":24,"loc":{"start":{"line":24,"column":4},"end":{"line":50,"column":6}},"locations":[{"start":{"line":24,"column":4},"end":{"line":50,"column":6}}]},"2":{"type":"branch","line":25,"loc":{"start":{"line":25,"column":33},"end":{"line":25,"column":83}},"locations":[{"start":{"line":25,"column":33},"end":{"line":25,"column":83}}]},"3":{"type":"branch","line":26,"loc":{"start":{"line":26,"column":19},"end":{"line":26,"column":170}},"locations":[{"start":{"line":26,"column":19},"end":{"line":26,"column":170}}]},"4":{"type":"branch","line":26,"loc":{"start":{"line":26,"column":168},"end":{"line":28,"column":43}},"locations":[{"start":{"line":26,"column":168},"end":{"line":28,"column":43}}]},"5":{"type":"branch","line":28,"loc":{"start":{"line":28,"column":34},"end":{"line":28,"column":46}},"locations":[{"start":{"line":28,"column":34},"end":{"line":28,"column":46}}]},"6":{"type":"branch","line":34,"loc":{"start":{"line":34,"column":9},"end":{"line":35,"column":29}},"locations":[{"start":{"line":34,"column":9},"end":{"line":35,"column":29}}]},"7":{"type":"branch","line":35,"loc":{"start":{"line":35,"column":22},"end":{"line":35,"column":145}},"locations":[{"start":{"line":35,"column":22},"end":{"line":35,"column":145}}]},"8":{"type":"branch","line":35,"loc":{"start":{"line":35,"column":143},"end":{"line":38,"column":46}},"locations":[{"start":{"line":35,"column":143},"end":{"line":38,"column":46}}]},"9":{"type":"branch","line":38,"loc":{"start":{"line":38,"column":35},"end":{"line":38,"column":50}},"locations":[{"start":{"line":38,"column":35},"end":{"line":38,"column":50}}]},"10":{"type":"branch","line":39,"loc":{"start":{"line":39,"column":34},"end":{"line":45,"column":15}},"locations":[{"start":{"line":39,"column":34},"end":{"line":45,"column":15}}]},"11":{"type":"branch","line":45,"loc":{"start":{"line":45,"column":6},"end":{"line":49,"column":7}},"locations":[{"start":{"line":45,"column":6},"end":{"line":49,"column":7}}]},"12":{"type":"branch","line":41,"loc":{"start":{"line":41,"column":33},"end":{"line":42,"column":73}},"locations":[{"start":{"line":41,"column":33},"end":{"line":42,"column":73}}]},"13":{"type":"branch","line":42,"loc":{"start":{"line":42,"column":53},"end":{"line":42,"column":70}},"locations":[{"start":{"line":42,"column":53},"end":{"line":42,"column":70}}]},"14":{"type":"branch","line":58,"loc":{"start":{"line":58,"column":7},"end":{"line":95,"column":1}},"locations":[{"start":{"line":58,"column":7},"end":{"line":95,"column":1}}]},"15":{"type":"branch","line":71,"loc":{"start":{"line":71,"column":4},"end":{"line":93,"column":6}},"locations":[{"start":{"line":71,"column":4},"end":{"line":93,"column":6}}]},"16":{"type":"branch","line":72,"loc":{"start":{"line":72,"column":26},"end":{"line":72,"column":46}},"locations":[{"start":{"line":72,"column":26},"end":{"line":72,"column":46}}]},"17":{"type":"branch","line":80,"loc":{"start":{"line":80,"column":9},"end":{"line":81,"column":29}},"locations":[{"start":{"line":80,"column":9},"end":{"line":81,"column":29}}]},"18":{"type":"branch","line":81,"loc":{"start":{"line":81,"column":22},"end":{"line":81,"column":91}},"locations":[{"start":{"line":81,"column":22},"end":{"line":81,"column":91}}]},"19":{"type":"branch","line":81,"loc":{"start":{"line":81,"column":89},"end":{"line":83,"column":64}},"locations":[{"start":{"line":81,"column":89},"end":{"line":83,"column":64}}]},"20":{"type":"branch","line":83,"loc":{"start":{"line":83,"column":59},"end":{"line":83,"column":67}},"locations":[{"start":{"line":83,"column":59},"end":{"line":83,"column":67}}]},"21":{"type":"branch","line":84,"loc":{"start":{"line":84,"column":36},"end":{"line":86,"column":49}},"locations":[{"start":{"line":84,"column":36},"end":{"line":86,"column":49}}]},"22":{"type":"branch","line":86,"loc":{"start":{"line":86,"column":42},"end":{"line":86,"column":78}},"locations":[{"start":{"line":86,"column":42},"end":{"line":86,"column":78}}]},"23":{"type":"branch","line":86,"loc":{"start":{"line":86,"column":76},"end":{"line":87,"column":44}},"locations":[{"start":{"line":86,"column":76},"end":{"line":87,"column":44}}]},"24":{"type":"branch","line":87,"loc":{"start":{"line":87,"column":39},"end":{"line":87,"column":77}},"locations":[{"start":{"line":87,"column":39},"end":{"line":87,"column":77}}]},"25":{"type":"branch","line":87,"loc":{"start":{"line":87,"column":77},"end":{"line":87,"column":124}},"locations":[{"start":{"line":87,"column":77},"end":{"line":87,"column":124}}]},"26":{"type":"branch","line":87,"loc":{"start":{"line":87,"column":122},"end":{"line":89,"column":15}},"locations":[{"start":{"line":87,"column":122},"end":{"line":89,"column":15}}]},"27":{"type":"branch","line":89,"loc":{"start":{"line":89,"column":6},"end":{"line":92,"column":7}},"locations":[{"start":{"line":89,"column":6},"end":{"line":92,"column":7}}]},"28":{"type":"branch","line":91,"loc":{"start":{"line":91,"column":66},"end":{"line":91,"column":87}},"locations":[{"start":{"line":91,"column":66},"end":{"line":91,"column":87}}]},"29":{"type":"branch","line":73,"loc":{"start":{"line":73,"column":21},"end":{"line":73,"column":101}},"locations":[{"start":{"line":73,"column":21},"end":{"line":73,"column":101}}]},"30":{"type":"branch","line":98,"loc":{"start":{"line":98,"column":0},"end":{"line":109,"column":1}},"locations":[{"start":{"line":98,"column":0},"end":{"line":109,"column":1}}]}},"b":{"0":[1],"1":[4],"2":[0],"3":[1],"4":[3],"5":[1],"6":[3],"7":[1],"8":[2],"9":[0],"10":[1],"11":[0],"12":[1],"13":[0],"14":[1],"15":[5],"16":[4],"17":[4],"18":[1],"19":[3],"20":[0],"21":[3],"22":[0],"23":[3],"24":[2],"25":[1],"26":[2],"27":[1],"28":[0],"29":[5],"30":[1]},"fnMap":{"0":{"name":"createWebSearchTool","decl":{"start":{"line":11,"column":7},"end":{"line":52,"column":1}},"loc":{"start":{"line":11,"column":7},"end":{"line":52,"column":1}},"line":11},"1":{"name":"execute","decl":{"start":{"line":24,"column":4},"end":{"line":50,"column":6}},"loc":{"start":{"line":24,"column":4},"end":{"line":50,"column":6}},"line":24},"2":{"name":"createWebFetchTool","decl":{"start":{"line":58,"column":7},"end":{"line":95,"column":1}},"loc":{"start":{"line":58,"column":7},"end":{"line":95,"column":1}},"line":58},"3":{"name":"execute","decl":{"start":{"line":71,"column":4},"end":{"line":93,"column":6}},"loc":{"start":{"line":71,"column":4},"end":{"line":93,"column":6}},"line":71},"4":{"name":"result","decl":{"start":{"line":73,"column":21},"end":{"line":73,"column":101}},"loc":{"start":{"line":73,"column":21},"end":{"line":73,"column":101}},"line":73},"5":{"name":"stripHtml","decl":{"start":{"line":98,"column":0},"end":{"line":109,"column":1}},"loc":{"start":{"line":98,"column":0},"end":{"line":109,"column":1}},"line":98}},"f":{"0":1,"1":4,"2":1,"3":5,"4":5,"5":1}}
,"/Users/cloudchase/github/mrcloudchase/tinyclaw/src/util/errors.ts": {"path":"/Users/cloudchase/github/mrcloudchase/tinyclaw/src/util/errors.ts","all":false,"statementMap":{"0":{"start":{"line":1,"column":0},"end":{"line":1,"column":50}},"1":{"start":{"line":2,"column":0},"end":{"line":2,"column":51}},"2":{"start":{"line":3,"column":0},"end":{"line":3,"column":46}},"3":{"start":{"line":4,"column":0},"end":{"line":4,"column":23}},"4":{"start":{"line":5,"column":0},"end":{"line":5,"column":1}},"6":{"start":{"line":7,"column":0},"end":{"line":7,"column":60}},"7":{"start":{"line":8,"column":0},"end":{"line":8,"column":64}},"8":{"start":{"line":9,"column":0},"end":{"line":9,"column":48}},"9":{"start":{"line":10,"column":0},"end":{"line":10,"column":3}},"10":{"start":{"line":11,"column":0},"end":{"line":11,"column":68}},"11":{"start":{"line":12,"column":0},"end":{"line":12,"column":56}},"12":{"start":{"line":13,"column":0},"end":{"line":13,"column":3}},"13":{"start":{"line":14,"column":0},"end":{"line":14,"column":19}},"14":{"start":{"line":15,"column":0},"end":{"line":15,"column":1}},"16":{"start":{"line":17,"column":0},"end":{"line":17,"column":65}},"17":{"start":{"line":18,"column":0},"end":{"line":18,"column":51}},"18":{"start":{"line":19,"column":0},"end":{"line":19,"column":10}},"19":{"start":{"line":20,"column":0},"end":{"line":20,"column":46}},"20":{"start":{"line":21,"column":0},"end":{"line":21,"column":45}},"21":{"start":{"line":22,"column":0},"end":{"line":22,"column":34}},"22":{"start":{"line":23,"column":0},"end":{"line":23,"column":41}},"23":{"start":{"line":24,"column":0},"end":{"line":24,"column":40}},"24":{"start":{"line":25,"column":0},"end":{"line":25,"column":30}},"26":{"start":{"line":27,"column":0},"end":{"line":27,"column":1}},"28":{"start":{"line":29,"column":0},"end":{"line":29,"column":54}},"29":{"start":{"line":30,"column":0},"end":{"line":30,"column":38}},"30":{"start":{"line":31,"column":0},"end":{"line":31,"column":52}},"31":{"start":{"line":32,"column":0},"end":{"line":32,"column":51}},"32":{"start":{"line":33,"column":0},"end":{"line":33,"column":10}},"33":{"start":{"line":34,"column":0},"end":{"line":34,"column":35}},"34":{"start":{"line":35,"column":0},"end":{"line":35,"column":38}},"35":{"start":{"line":36,"column":0},"end":{"line":36,"column":37}},"36":{"start":{"line":37,"column":0},"end":{"line":37,"column":40}},"37":{"start":{"line":38,"column":0},"end":{"line":38,"column":37}},"39":{"start":{"line":40,"column":0},"end":{"line":40,"column":1}},"41":{"start":{"line":42,"column":0},"end":{"line":42,"column":59}},"42":{"start":{"line":43,"column":0},"end":{"line":43,"column":38}},"43":{"start":{"line":44,"column":0},"end":{"line":44,"column":34}},"44":{"start":{"line":45,"column":0},"end":{"line":45,"column":51}},"45":{"start":{"line":46,"column":0},"end":{"line":46,"column":10}},"46":{"start":{"line":47,"column":0},"end":{"line":47,"column":33}},"47":{"start":{"line":48,"column":0},"end":{"line":48,"column":40}},"48":{"start":{"line":49,"column":0},"end":{"line":49,"column":37}},"49":{"start":{"line":50,"column":0},"end":{"line":50,"column":30}},"51":{"start":{"line":52,"column":0},"end":{"line":52,"column":1}},"53":{"start":{"line":54,"column":0},"end":{"line":54,"column":57}},"54":{"start":{"line":55,"column":0},"end":{"line":55,"column":51}},"55":{"start":{"line":56,"column":0},"end":{"line":56,"column":10}},"56":{"start":{"line":57,"column":0},"end":{"line":57,"column":30}},"57":{"start":{"line":58,"column":0},"end":{"line":58,"column":32}},"58":{"start":{"line":59,"column":0},"end":{"line":59,"column":33}},"59":{"start":{"line":60,"column":0},"end":{"line":60,"column":34}},"61":{"start":{"line":62,"column":0},"end":{"line":62,"column":1}},"63":{"start":{"line":64,"column":0},"end":{"line":64,"column":55}},"64":{"start":{"line":65,"column":0},"end":{"line":65,"column":31}},"65":{"start":{"line":66,"column":0},"end":{"line":66,"column":25}},"66":{"start":{"line":67,"column":0},"end":{"line":67,"column":3}},"67":{"start":{"line":68,"column":0},"end":{"line":68,"column":23}},"68":{"start":{"line":69,"column":0},"end":{"line":69,"column":1}}},"s":{"0":20,"1":20,"2":0,"3":0,"4":0,"6":12,"7":12,"8":3,"9":3,"10":12,"11":0,"12":0,"13":9,"14":9,"16":1,"17":6,"18":6,"19":6,"20":5,"21":4,"22":3,"23":2,"24":1,"26":6,"28":1,"29":7,"30":7,"31":5,"32":5,"33":5,"34":4,"35":3,"36":3,"37":2,"39":7,"41":1,"42":5,"43":5,"44":4,"45":4,"46":4,"47":3,"48":2,"49":1,"51":5,"53":1,"54":5,"55":5,"56":5,"57":4,"58":3,"59":2,"61":5,"63":1,"64":4,"65":1,"66":1,"67":3,"68":3},"branchMap":{"0":{"type":"branch","line":1,"loc":{"start":{"line":1,"column":0},"end":{"line":5,"column":1}},"locations":[{"start":{"line":1,"column":0},"end":{"line":5,"column":1}}]},"1":{"type":"branch","line":2,"loc":{"start":{"line":2,"column":43},"end":{"line":5,"column":1}},"locations":[{"start":{"line":2,"column":43},"end":{"line":5,"column":1}}]},"2":{"type":"branch","line":7,"loc":{"start":{"line":7,"column":0},"end":{"line":15,"column":1}},"locations":[{"start":{"line":7,"column":0},"end":{"line":15,"column":1}}]},"3":{"type":"branch","line":8,"loc":{"start":{"line":8,"column":63},"end":{"line":10,"column":3}},"locations":[{"start":{"line":8,"column":63},"end":{"line":10,"column":3}}]},"4":{"type":"branch","line":10,"loc":{"start":{"line":10,"column":2},"end":{"line":11,"column":44}},"locations":[{"start":{"line":10,"column":2},"end":{"line":11,"column":44}}]},"5":{"type":"branch","line":11,"loc":{"start":{"line":11,"column":32},"end":{"line":11,"column":67}},"locations":[{"start":{"line":11,"column":32},"end":{"line":11,"column":67}}]},"6":{"type":"branch","line":11,"loc":{"start":{"line":11,"column":67},"end":{"line":13,"column":3}},"locations":[{"start":{"line":11,"column":67},"end":{"line":13,"column":3}}]},"7":{"type":"branch","line":13,"loc":{"start":{"line":13,"column":2},"end":{"line":15,"column":1}},"locations":[{"start":{"line":13,"column":2},"end":{"line":15,"column":1}}]},"8":{"type":"branch","line":17,"loc":{"start":{"line":17,"column":7},"end":{"line":27,"column":1}},"locations":[{"start":{"line":17,"column":7},"end":{"line":27,"column":1}}]},"9":{"type":"branch","line":20,"loc":{"start":{"line":20,"column":42},"end":{"line":21,"column":45}},"locations":[{"start":{"line":20,"column":42},"end":{"line":21,"column":45}}]},"10":{"type":"branch","line":21,"loc":{"start":{"line":21,"column":41},"end":{"line":22,"column":34}},"locations":[{"start":{"line":21,"column":41},"end":{"line":22,"column":34}}]},"11":{"type":"branch","line":22,"loc":{"start":{"line":22,"column":30},"end":{"line":23,"column":41}},"locations":[{"start":{"line":22,"column":30},"end":{"line":23,"column":41}}]},"12":{"type":"branch","line":23,"loc":{"start":{"line":23,"column":37},"end":{"line":24,"column":40}},"locations":[{"start":{"line":23,"column":37},"end":{"line":24,"column":40}}]},"13":{"type":"branch","line":24,"loc":{"start":{"line":24,"column":36},"end":{"line":25,"column":30}},"locations":[{"start":{"line":24,"column":36},"end":{"line":25,"column":30}}]},"14":{"type":"branch","line":29,"loc":{"start":{"line":29,"column":7},"end":{"line":40,"column":1}},"locations":[{"start":{"line":29,"column":7},"end":{"line":40,"column":1}}]},"15":{"type":"branch","line":31,"loc":{"start":{"line":31,"column":17},"end":{"line":31,"column":40}},"locations":[{"start":{"line":31,"column":17},"end":{"line":31,"column":40}}]},"16":{"type":"branch","line":31,"loc":{"start":{"line":31,"column":40},"end":{"line":31,"column":52}},"locations":[{"start":{"line":31,"column":40},"end":{"line":31,"column":52}}]},"17":{"type":"branch","line":31,"loc":{"start":{"line":31,"column":47},"end":{"line":34,"column":35}},"locations":[{"start":{"line":31,"column":47},"end":{"line":34,"column":35}}]},"18":{"type":"branch","line":34,"loc":{"start":{"line":34,"column":31},"end":{"line":35,"column":38}},"locations":[{"start":{"line":34,"column":31},"end":{"line":35,"column":38}}]},"19":{"type":"branch","line":35,"loc":{"start":{"line":35,"column":34},"end":{"line":36,"column":37}},"locations":[{"start":{"line":35,"column":34},"end":{"line":36,"column":37}}]},"20":{"type":"branch","line":36,"loc":{"start":{"line":36,"column":33},"end":{"line":37,"column":40}},"locations":[{"start":{"line":36,"column":33},"end":{"line":37,"column":40}}]},"21":{"type":"branch","line":37,"loc":{"start":{"line":37,"column":36},"end":{"line":38,"column":37}},"locations":[{"start":{"line":37,"column":36},"end":{"line":38,"column":37}}]},"22":{"type":"branch","line":42,"loc":{"start":{"line":42,"column":7},"end":{"line":52,"column":1}},"locations":[{"start":{"line":42,"column":7},"end":{"line":52,"column":1}}]},"23":{"type":"branch","line":44,"loc":{"start":{"line":44,"column":22},"end":{"line":44,"column":34}},"locations":[{"start":{"line":44,"column":22},"end":{"line":44,"column":34}}]},"24":{"type":"branch","line":44,"loc":{"start":{"line":44,"column":29},"end":{"line":47,"column":33}},"locations":[{"start":{"line":44,"column":29},"end":{"line":47,"column":33}}]},"25":{"type":"branch","line":47,"loc":{"start":{"line":47,"column":29},"end":{"line":48,"column":40}},"locations":[{"start":{"line":47,"column":29},"end":{"line":48,"column":40}}]},"26":{"type":"branch","line":48,"loc":{"start":{"line":48,"column":36},"end":{"line":49,"column":37}},"locations":[{"start":{"line":48,"column":36},"end":{"line":49,"column":37}}]},"27":{"type":"branch","line":49,"loc":{"start":{"line":49,"column":33},"end":{"line":50,"column":30}},"locations":[{"start":{"line":49,"column":33},"end":{"line":50,"column":30}}]},"28":{"type":"branch","line":54,"loc":{"start":{"line":54,"column":7},"end":{"line":62,"column":1}},"locations":[{"start":{"line":54,"column":7},"end":{"line":62,"column":1}}]},"29":{"type":"branch","line":57,"loc":{"start":{"line":57,"column":26},"end":{"line":58,"column":32}},"locations":[{"start":{"line":57,"column":26},"end":{"line":58,"column":32}}]},"30":{"type":"branch","line":58,"loc":{"start":{"line":58,"column":28},"end":{"line":59,"column":33}},"locations":[{"start":{"line":58,"column":28},"end":{"line":59,"column":33}}]},"31":{"type":"branch","line":59,"loc":{"start":{"line":59,"column":29},"end":{"line":60,"column":34}},"locations":[{"start":{"line":59,"column":29},"end":{"line":60,"column":34}}]},"32":{"type":"branch","line":64,"loc":{"start":{"line":64,"column":7},"end":{"line":69,"column":1}},"locations":[{"start":{"line":64,"column":7},"end":{"line":69,"column":1}}]},"33":{"type":"branch","line":65,"loc":{"start":{"line":65,"column":30},"end":{"line":67,"column":3}},"locations":[{"start":{"line":65,"column":30},"end":{"line":67,"column":3}}]},"34":{"type":"branch","line":67,"loc":{"start":{"line":67,"column":2},"end":{"line":69,"column":1}},"locations":[{"start":{"line":67,"column":2},"end":{"line":69,"column":1}}]}},"b":{"0":[20],"1":[0],"2":[12],"3":[3],"4":[9],"5":[9],"6":[0],"7":[9],"8":[6],"9":[5],"10":[4],"11":[3],"12":[2],"13":[1],"14":[7],"15":[6],"16":[2],"17":[5],"18":[4],"19":[3],"20":[3],"21":[2],"22":[5],"23":[1],"24":[4],"25":[3],"26":[2],"27":[1],"28":[5],"29":[4],"30":[3],"31":[2],"32":[4],"33":[1],"34":[3]},"fnMap":{"0":{"name":"getErrorMessage","decl":{"start":{"line":1,"column":0},"end":{"line":5,"column":1}},"loc":{"start":{"line":1,"column":0},"end":{"line":5,"column":1}},"line":1},"1":{"name":"getStatusCode","decl":{"start":{"line":7,"column":0},"end":{"line":15,"column":1}},"loc":{"start":{"line":7,"column":0},"end":{"line":15,"column":1}},"line":7},"2":{"name":"isContextOverflowError","decl":{"start":{"line":17,"column":7},"end":{"line":27,"column":1}},"loc":{"start":{"line":17,"column":7},"end":{"line":27,"column":1}},"line":17},"3":{"name":"isAuthError","decl":{"start":{"line":29,"column":7},"end":{"line":40,"column":1}},"loc":{"start":{"line":29,"column":7},"end":{"line":40,"column":1}},"line":29},"4":{"name":"isRateLimitError","decl":{"start":{"line":42,"column":7},"end":{"line":52,"column":1}},"loc":{"start":{"line":42,"column":7},"end":{"line":52,"column":1}},"line":42},"5":{"name":"isTimeoutError","decl":{"start":{"line":54,"column":7},"end":{"line":62,"column":1}},"loc":{"start":{"line":54,"column":7},"end":{"line":62,"column":1}},"line":54},"6":{"name":"describeError","decl":{"start":{"line":64,"column":7},"end":{"line":69,"column":1}},"loc":{"start":{"line":64,"column":7},"end":{"line":69,"column":1}},"line":64}},"f":{"0":20,"1":12,"2":6,"3":7,"4":5,"5":5,"6":4}}
}
